2021-01-13 14:37:56.169 [ main ] - [ INFO  ] [ c.w.shorturl.controller.ShortUrlAPIControllerTests : 55 ] - Starting ShortUrlAPIControllerTests using Java 1.8.0_181 on helloworld-2.local with PID 66345 (started by wangbing in /Users/wangbing/Documents/train/train)
2021-01-13 14:37:56.180 [ main ] - [ DEBUG ] [ c.w.shorturl.controller.ShortUrlAPIControllerTests : 56 ] - Running with Spring Boot v2.4.1, Spring v5.3.2
2021-01-13 14:37:56.184 [ main ] - [ INFO  ] [ c.w.shorturl.controller.ShortUrlAPIControllerTests : 660 ] - No active profile set, falling back to default profiles: default
2021-01-13 14:38:01.877 [ main ] - [ INFO  ] [ com.alibaba.druid.pool.DruidDataSource : 1003 ] - {dataSource-1} inited
2021-01-13 14:38:03.850 [ main ] - [ WARN  ] [ c.b.mybatisplus.core.metadata.TableInfoHelper : 431 ] - This primary key of "id" is primitive !不建议如此请使用包装类 in Class: "com.wb.shorturl.entity.ShortUrl"
2021-01-13 14:38:11.684 [ main ] - [ INFO  ] [ c.w.shorturl.controller.ShortUrlAPIControllerTests : 61 ] - Started ShortUrlAPIControllerTests in 16.168 seconds (JVM running for 19.326)
2021-01-13 14:38:13.672 [ SpringContextShutdownHook ] - [ INFO  ] [ com.alibaba.druid.pool.DruidDataSource : 1965 ] - {dataSource-1} closing ...
2021-01-13 14:38:14.099 [ SpringContextShutdownHook ] - [ INFO  ] [ com.alibaba.druid.pool.DruidDataSource : 2037 ] - {dataSource-1} closed
2021-01-13 14:39:05.528 [ main ] - [ INFO  ] [ c.w.shorturl.controller.ShortUrlAPIControllerTests : 55 ] - Starting ShortUrlAPIControllerTests using Java 1.8.0_181 on helloworld-2.local with PID 66453 (started by wangbing in /Users/wangbing/Documents/train/train)
2021-01-13 14:39:05.536 [ main ] - [ DEBUG ] [ c.w.shorturl.controller.ShortUrlAPIControllerTests : 56 ] - Running with Spring Boot v2.4.1, Spring v5.3.2
2021-01-13 14:39:05.541 [ main ] - [ INFO  ] [ c.w.shorturl.controller.ShortUrlAPIControllerTests : 660 ] - No active profile set, falling back to default profiles: default
2021-01-13 14:39:11.347 [ main ] - [ INFO  ] [ com.alibaba.druid.pool.DruidDataSource : 1003 ] - {dataSource-1} inited
2021-01-13 14:39:13.003 [ main ] - [ WARN  ] [ c.b.mybatisplus.core.metadata.TableInfoHelper : 431 ] - This primary key of "id" is primitive !不建议如此请使用包装类 in Class: "com.wb.shorturl.entity.ShortUrl"
2021-01-13 14:39:16.361 [ main ] - [ INFO  ] [ c.w.shorturl.controller.ShortUrlAPIControllerTests : 61 ] - Started ShortUrlAPIControllerTests in 11.546 seconds (JVM running for 14.651)
2021-01-13 14:39:17.599 [ main ] - [ DEBUG ] [ com.wb.shorturl.mapper.ShortUrlMapper.selectList : 137 ] - ==>  Preparing: SELECT id,short_code,origin_url,origin_url_hash,create_timestamp FROM short_url WHERE (origin_url_hash = ?)
2021-01-13 14:39:17.658 [ main ] - [ DEBUG ] [ com.wb.shorturl.mapper.ShortUrlMapper.selectList : 137 ] - ==> Parameters: 1821959231(Integer)
2021-01-13 14:39:18.552 [ main ] - [ INFO  ] [ ShardingSphere-SQL : 89 ] - Rule Type: sharding
2021-01-13 14:39:18.556 [ main ] - [ INFO  ] [ ShardingSphere-SQL : 89 ] - Logic SQL: SELECT  id,short_code,origin_url,origin_url_hash,create_timestamp  FROM short_url 
 
 WHERE (origin_url_hash = ?)
2021-01-13 14:39:18.557 [ main ] - [ INFO  ] [ ShardingSphere-SQL : 89 ] - SQLStatement: SelectStatement(super=DQLStatement(super=AbstractSQLStatement(type=DQL, tables=Tables(tables=[Table(name=short_url, alias=Optional.absent())]), routeConditions=Conditions(orCondition=OrCondition(andConditions=[])), encryptConditions=Conditions(orCondition=OrCondition(andConditions=[])), sqlTokens=[TableToken(tableName=short_url, quoteCharacter=NONE, schemaNameLength=0)], parametersIndex=1, logicSQL=SELECT  id,short_code,origin_url,origin_url_hash,create_timestamp  FROM short_url 
 
 WHERE (origin_url_hash = ?))), containStar=false, firstSelectItemStartIndex=8, selectListStopIndex=64, groupByLastIndex=0, items=[CommonSelectItem(expression=id, alias=Optional.absent()), CommonSelectItem(expression=short_code, alias=Optional.absent()), CommonSelectItem(expression=origin_url, alias=Optional.absent()), CommonSelectItem(expression=origin_url_hash, alias=Optional.absent()), CommonSelectItem(expression=create_timestamp, alias=Optional.absent())], groupByItems=[], orderByItems=[], limit=null, subqueryStatement=null, subqueryStatements=[], subqueryConditions=[])
2021-01-13 14:39:18.559 [ main ] - [ INFO  ] [ ShardingSphere-SQL : 89 ] - Actual SQL: master ::: SELECT  id,short_code,origin_url,origin_url_hash,create_timestamp  FROM short_url0 
 
 WHERE (origin_url_hash = ?) ::: [1821959231]
2021-01-13 14:39:18.560 [ main ] - [ INFO  ] [ ShardingSphere-SQL : 89 ] - Actual SQL: master ::: SELECT  id,short_code,origin_url,origin_url_hash,create_timestamp  FROM short_url1 
 
 WHERE (origin_url_hash = ?) ::: [1821959231]
2021-01-13 14:39:18.562 [ main ] - [ INFO  ] [ ShardingSphere-SQL : 89 ] - Actual SQL: master ::: SELECT  id,short_code,origin_url,origin_url_hash,create_timestamp  FROM short_url2 
 
 WHERE (origin_url_hash = ?) ::: [1821959231]
2021-01-13 14:39:18.563 [ main ] - [ INFO  ] [ ShardingSphere-SQL : 89 ] - Actual SQL: master ::: SELECT  id,short_code,origin_url,origin_url_hash,create_timestamp  FROM short_url3 
 
 WHERE (origin_url_hash = ?) ::: [1821959231]
2021-01-13 14:39:18.564 [ main ] - [ INFO  ] [ ShardingSphere-SQL : 89 ] - Actual SQL: master ::: SELECT  id,short_code,origin_url,origin_url_hash,create_timestamp  FROM short_url4 
 
 WHERE (origin_url_hash = ?) ::: [1821959231]
2021-01-13 14:39:18.704 [ main ] - [ DEBUG ] [ com.wb.shorturl.mapper.ShortUrlMapper.selectList : 137 ] - <==      Total: 1
2021-01-13 14:39:18.751 [ main ] - [ DEBUG ] [ com.wb.shorturl.mapper.ShortUrlMapper.selectList : 137 ] - ==>  Preparing: SELECT id,short_code,origin_url,origin_url_hash,create_timestamp FROM short_url WHERE (origin_url_hash = ?)
2021-01-13 14:39:18.752 [ main ] - [ DEBUG ] [ com.wb.shorturl.mapper.ShortUrlMapper.selectList : 137 ] - ==> Parameters: 1626861388(Integer)
2021-01-13 14:39:18.754 [ main ] - [ INFO  ] [ ShardingSphere-SQL : 89 ] - Rule Type: sharding
2021-01-13 14:39:18.755 [ main ] - [ INFO  ] [ ShardingSphere-SQL : 89 ] - Logic SQL: SELECT  id,short_code,origin_url,origin_url_hash,create_timestamp  FROM short_url 
 
 WHERE (origin_url_hash = ?)
2021-01-13 14:39:18.756 [ main ] - [ INFO  ] [ ShardingSphere-SQL : 89 ] - SQLStatement: SelectStatement(super=DQLStatement(super=AbstractSQLStatement(type=DQL, tables=Tables(tables=[Table(name=short_url, alias=Optional.absent())]), routeConditions=Conditions(orCondition=OrCondition(andConditions=[])), encryptConditions=Conditions(orCondition=OrCondition(andConditions=[])), sqlTokens=[TableToken(tableName=short_url, quoteCharacter=NONE, schemaNameLength=0)], parametersIndex=1, logicSQL=SELECT  id,short_code,origin_url,origin_url_hash,create_timestamp  FROM short_url 
 
 WHERE (origin_url_hash = ?))), containStar=false, firstSelectItemStartIndex=8, selectListStopIndex=64, groupByLastIndex=0, items=[CommonSelectItem(expression=id, alias=Optional.absent()), CommonSelectItem(expression=short_code, alias=Optional.absent()), CommonSelectItem(expression=origin_url, alias=Optional.absent()), CommonSelectItem(expression=origin_url_hash, alias=Optional.absent()), CommonSelectItem(expression=create_timestamp, alias=Optional.absent())], groupByItems=[], orderByItems=[], limit=null, subqueryStatement=null, subqueryStatements=[], subqueryConditions=[])
2021-01-13 14:39:18.757 [ main ] - [ INFO  ] [ ShardingSphere-SQL : 89 ] - Actual SQL: master ::: SELECT  id,short_code,origin_url,origin_url_hash,create_timestamp  FROM short_url0 
 
 WHERE (origin_url_hash = ?) ::: [1626861388]
2021-01-13 14:39:18.758 [ main ] - [ INFO  ] [ ShardingSphere-SQL : 89 ] - Actual SQL: master ::: SELECT  id,short_code,origin_url,origin_url_hash,create_timestamp  FROM short_url1 
 
 WHERE (origin_url_hash = ?) ::: [1626861388]
2021-01-13 14:39:18.758 [ main ] - [ INFO  ] [ ShardingSphere-SQL : 89 ] - Actual SQL: master ::: SELECT  id,short_code,origin_url,origin_url_hash,create_timestamp  FROM short_url2 
 
 WHERE (origin_url_hash = ?) ::: [1626861388]
2021-01-13 14:39:18.759 [ main ] - [ INFO  ] [ ShardingSphere-SQL : 89 ] - Actual SQL: master ::: SELECT  id,short_code,origin_url,origin_url_hash,create_timestamp  FROM short_url3 
 
 WHERE (origin_url_hash = ?) ::: [1626861388]
2021-01-13 14:39:18.760 [ main ] - [ INFO  ] [ ShardingSphere-SQL : 89 ] - Actual SQL: master ::: SELECT  id,short_code,origin_url,origin_url_hash,create_timestamp  FROM short_url4 
 
 WHERE (origin_url_hash = ?) ::: [1626861388]
2021-01-13 14:39:18.852 [ main ] - [ DEBUG ] [ com.wb.shorturl.mapper.ShortUrlMapper.selectList : 137 ] - <==      Total: 5
2021-01-13 14:39:18.916 [ main ] - [ DEBUG ] [ com.wb.shorturl.mapper.ShortUrlMapper.selectList : 137 ] - ==>  Preparing: SELECT id,short_code,origin_url,origin_url_hash,create_timestamp FROM short_url WHERE (origin_url_hash = ?)
2021-01-13 14:39:18.917 [ main ] - [ DEBUG ] [ com.wb.shorturl.mapper.ShortUrlMapper.selectList : 137 ] - ==> Parameters: -1156927871(Integer)
2021-01-13 14:39:18.918 [ main ] - [ INFO  ] [ ShardingSphere-SQL : 89 ] - Rule Type: sharding
2021-01-13 14:39:18.919 [ main ] - [ INFO  ] [ ShardingSphere-SQL : 89 ] - Logic SQL: SELECT  id,short_code,origin_url,origin_url_hash,create_timestamp  FROM short_url 
 
 WHERE (origin_url_hash = ?)
2021-01-13 14:39:18.920 [ main ] - [ INFO  ] [ ShardingSphere-SQL : 89 ] - SQLStatement: SelectStatement(super=DQLStatement(super=AbstractSQLStatement(type=DQL, tables=Tables(tables=[Table(name=short_url, alias=Optional.absent())]), routeConditions=Conditions(orCondition=OrCondition(andConditions=[])), encryptConditions=Conditions(orCondition=OrCondition(andConditions=[])), sqlTokens=[TableToken(tableName=short_url, quoteCharacter=NONE, schemaNameLength=0)], parametersIndex=1, logicSQL=SELECT  id,short_code,origin_url,origin_url_hash,create_timestamp  FROM short_url 
 
 WHERE (origin_url_hash = ?))), containStar=false, firstSelectItemStartIndex=8, selectListStopIndex=64, groupByLastIndex=0, items=[CommonSelectItem(expression=id, alias=Optional.absent()), CommonSelectItem(expression=short_code, alias=Optional.absent()), CommonSelectItem(expression=origin_url, alias=Optional.absent()), CommonSelectItem(expression=origin_url_hash, alias=Optional.absent()), CommonSelectItem(expression=create_timestamp, alias=Optional.absent())], groupByItems=[], orderByItems=[], limit=null, subqueryStatement=null, subqueryStatements=[], subqueryConditions=[])
2021-01-13 14:39:18.921 [ main ] - [ INFO  ] [ ShardingSphere-SQL : 89 ] - Actual SQL: master ::: SELECT  id,short_code,origin_url,origin_url_hash,create_timestamp  FROM short_url0 
 
 WHERE (origin_url_hash = ?) ::: [-1156927871]
2021-01-13 14:39:18.922 [ main ] - [ INFO  ] [ ShardingSphere-SQL : 89 ] - Actual SQL: master ::: SELECT  id,short_code,origin_url,origin_url_hash,create_timestamp  FROM short_url1 
 
 WHERE (origin_url_hash = ?) ::: [-1156927871]
2021-01-13 14:39:18.923 [ main ] - [ INFO  ] [ ShardingSphere-SQL : 89 ] - Actual SQL: master ::: SELECT  id,short_code,origin_url,origin_url_hash,create_timestamp  FROM short_url2 
 
 WHERE (origin_url_hash = ?) ::: [-1156927871]
2021-01-13 14:39:18.925 [ main ] - [ INFO  ] [ ShardingSphere-SQL : 89 ] - Actual SQL: master ::: SELECT  id,short_code,origin_url,origin_url_hash,create_timestamp  FROM short_url3 
 
 WHERE (origin_url_hash = ?) ::: [-1156927871]
2021-01-13 14:39:18.925 [ main ] - [ INFO  ] [ ShardingSphere-SQL : 89 ] - Actual SQL: master ::: SELECT  id,short_code,origin_url,origin_url_hash,create_timestamp  FROM short_url4 
 
 WHERE (origin_url_hash = ?) ::: [-1156927871]
2021-01-13 14:39:19.000 [ main ] - [ DEBUG ] [ com.wb.shorturl.mapper.ShortUrlMapper.selectList : 137 ] - <==      Total: 5
2021-01-13 14:39:19.287 [ main ] - [ DEBUG ] [ com.wb.shorturl.mapper.ShortUrlMapper.selectOne : 137 ] - ==>  Preparing: SELECT id,short_code,origin_url,origin_url_hash,create_timestamp FROM short_url WHERE (short_code = ?)
2021-01-13 14:39:19.288 [ main ] - [ DEBUG ] [ com.wb.shorturl.mapper.ShortUrlMapper.selectOne : 137 ] - ==> Parameters: Os7jWHKNc4(String)
2021-01-13 14:39:19.338 [ main ] - [ INFO  ] [ ShardingSphere-SQL : 89 ] - Rule Type: sharding
2021-01-13 14:39:19.339 [ main ] - [ INFO  ] [ ShardingSphere-SQL : 89 ] - Logic SQL: SELECT  id,short_code,origin_url,origin_url_hash,create_timestamp  FROM short_url 
 
 WHERE (short_code = ?)
2021-01-13 14:39:19.341 [ main ] - [ INFO  ] [ ShardingSphere-SQL : 89 ] - SQLStatement: SelectStatement(super=DQLStatement(super=AbstractSQLStatement(type=DQL, tables=Tables(tables=[Table(name=short_url, alias=Optional.absent())]), routeConditions=Conditions(orCondition=OrCondition(andConditions=[])), encryptConditions=Conditions(orCondition=OrCondition(andConditions=[])), sqlTokens=[TableToken(tableName=short_url, quoteCharacter=NONE, schemaNameLength=0)], parametersIndex=1, logicSQL=SELECT  id,short_code,origin_url,origin_url_hash,create_timestamp  FROM short_url 
 
 WHERE (short_code = ?))), containStar=false, firstSelectItemStartIndex=8, selectListStopIndex=64, groupByLastIndex=0, items=[CommonSelectItem(expression=id, alias=Optional.absent()), CommonSelectItem(expression=short_code, alias=Optional.absent()), CommonSelectItem(expression=origin_url, alias=Optional.absent()), CommonSelectItem(expression=origin_url_hash, alias=Optional.absent()), CommonSelectItem(expression=create_timestamp, alias=Optional.absent())], groupByItems=[], orderByItems=[], limit=null, subqueryStatement=null, subqueryStatements=[], subqueryConditions=[])
2021-01-13 14:39:19.341 [ main ] - [ INFO  ] [ ShardingSphere-SQL : 89 ] - Actual SQL: master ::: SELECT  id,short_code,origin_url,origin_url_hash,create_timestamp  FROM short_url0 
 
 WHERE (short_code = ?) ::: [Os7jWHKNc4]
2021-01-13 14:39:19.343 [ main ] - [ INFO  ] [ ShardingSphere-SQL : 89 ] - Actual SQL: master ::: SELECT  id,short_code,origin_url,origin_url_hash,create_timestamp  FROM short_url1 
 
 WHERE (short_code = ?) ::: [Os7jWHKNc4]
2021-01-13 14:39:19.344 [ main ] - [ INFO  ] [ ShardingSphere-SQL : 89 ] - Actual SQL: master ::: SELECT  id,short_code,origin_url,origin_url_hash,create_timestamp  FROM short_url2 
 
 WHERE (short_code = ?) ::: [Os7jWHKNc4]
2021-01-13 14:39:19.345 [ main ] - [ INFO  ] [ ShardingSphere-SQL : 89 ] - Actual SQL: master ::: SELECT  id,short_code,origin_url,origin_url_hash,create_timestamp  FROM short_url3 
 
 WHERE (short_code = ?) ::: [Os7jWHKNc4]
2021-01-13 14:39:19.345 [ main ] - [ INFO  ] [ ShardingSphere-SQL : 89 ] - Actual SQL: master ::: SELECT  id,short_code,origin_url,origin_url_hash,create_timestamp  FROM short_url4 
 
 WHERE (short_code = ?) ::: [Os7jWHKNc4]
2021-01-13 14:39:19.412 [ main ] - [ DEBUG ] [ com.wb.shorturl.mapper.ShortUrlMapper.selectOne : 137 ] - <==      Total: 1
2021-01-13 14:39:19.437 [ main ] - [ DEBUG ] [ com.wb.shorturl.mapper.ShortUrlMapper.selectOne : 137 ] - ==>  Preparing: SELECT id,short_code,origin_url,origin_url_hash,create_timestamp FROM short_url WHERE (short_code = ?)
2021-01-13 14:39:19.438 [ main ] - [ DEBUG ] [ com.wb.shorturl.mapper.ShortUrlMapper.selectOne : 137 ] - ==> Parameters: notExistuwS(String)
2021-01-13 14:39:19.439 [ main ] - [ INFO  ] [ ShardingSphere-SQL : 89 ] - Rule Type: sharding
2021-01-13 14:39:19.439 [ main ] - [ INFO  ] [ ShardingSphere-SQL : 89 ] - Logic SQL: SELECT  id,short_code,origin_url,origin_url_hash,create_timestamp  FROM short_url 
 
 WHERE (short_code = ?)
2021-01-13 14:39:19.440 [ main ] - [ INFO  ] [ ShardingSphere-SQL : 89 ] - SQLStatement: SelectStatement(super=DQLStatement(super=AbstractSQLStatement(type=DQL, tables=Tables(tables=[Table(name=short_url, alias=Optional.absent())]), routeConditions=Conditions(orCondition=OrCondition(andConditions=[])), encryptConditions=Conditions(orCondition=OrCondition(andConditions=[])), sqlTokens=[TableToken(tableName=short_url, quoteCharacter=NONE, schemaNameLength=0)], parametersIndex=1, logicSQL=SELECT  id,short_code,origin_url,origin_url_hash,create_timestamp  FROM short_url 
 
 WHERE (short_code = ?))), containStar=false, firstSelectItemStartIndex=8, selectListStopIndex=64, groupByLastIndex=0, items=[CommonSelectItem(expression=id, alias=Optional.absent()), CommonSelectItem(expression=short_code, alias=Optional.absent()), CommonSelectItem(expression=origin_url, alias=Optional.absent()), CommonSelectItem(expression=origin_url_hash, alias=Optional.absent()), CommonSelectItem(expression=create_timestamp, alias=Optional.absent())], groupByItems=[], orderByItems=[], limit=null, subqueryStatement=null, subqueryStatements=[], subqueryConditions=[])
2021-01-13 14:39:19.440 [ main ] - [ INFO  ] [ ShardingSphere-SQL : 89 ] - Actual SQL: master ::: SELECT  id,short_code,origin_url,origin_url_hash,create_timestamp  FROM short_url0 
 
 WHERE (short_code = ?) ::: [notExistuwS]
2021-01-13 14:39:19.441 [ main ] - [ INFO  ] [ ShardingSphere-SQL : 89 ] - Actual SQL: master ::: SELECT  id,short_code,origin_url,origin_url_hash,create_timestamp  FROM short_url1 
 
 WHERE (short_code = ?) ::: [notExistuwS]
2021-01-13 14:39:19.441 [ main ] - [ INFO  ] [ ShardingSphere-SQL : 89 ] - Actual SQL: master ::: SELECT  id,short_code,origin_url,origin_url_hash,create_timestamp  FROM short_url2 
 
 WHERE (short_code = ?) ::: [notExistuwS]
2021-01-13 14:39:19.443 [ main ] - [ INFO  ] [ ShardingSphere-SQL : 89 ] - Actual SQL: master ::: SELECT  id,short_code,origin_url,origin_url_hash,create_timestamp  FROM short_url3 
 
 WHERE (short_code = ?) ::: [notExistuwS]
2021-01-13 14:39:19.444 [ main ] - [ INFO  ] [ ShardingSphere-SQL : 89 ] - Actual SQL: master ::: SELECT  id,short_code,origin_url,origin_url_hash,create_timestamp  FROM short_url4 
 
 WHERE (short_code = ?) ::: [notExistuwS]
2021-01-13 14:39:19.509 [ main ] - [ DEBUG ] [ com.wb.shorturl.mapper.ShortUrlMapper.selectOne : 137 ] - <==      Total: 0
2021-01-13 14:39:19.514 [ main ] - [ ERROR ] [ com.wb.shorturl.controller.ShortUrlController : 84 ] - not found short Code:notExistuwS
2021-01-13 14:39:19.554 [ main ] - [ DEBUG ] [ com.wb.shorturl.mapper.ShortUrlMapper.selectOne : 137 ] - ==>  Preparing: SELECT id,short_code,origin_url,origin_url_hash,create_timestamp FROM short_url WHERE (short_code = ?)
2021-01-13 14:39:19.557 [ main ] - [ DEBUG ] [ com.wb.shorturl.mapper.ShortUrlMapper.selectOne : 137 ] - ==> Parameters: (String)
2021-01-13 14:39:19.562 [ main ] - [ INFO  ] [ ShardingSphere-SQL : 89 ] - Rule Type: sharding
2021-01-13 14:39:19.565 [ main ] - [ INFO  ] [ ShardingSphere-SQL : 89 ] - Logic SQL: SELECT  id,short_code,origin_url,origin_url_hash,create_timestamp  FROM short_url 
 
 WHERE (short_code = ?)
2021-01-13 14:39:19.567 [ main ] - [ INFO  ] [ ShardingSphere-SQL : 89 ] - SQLStatement: SelectStatement(super=DQLStatement(super=AbstractSQLStatement(type=DQL, tables=Tables(tables=[Table(name=short_url, alias=Optional.absent())]), routeConditions=Conditions(orCondition=OrCondition(andConditions=[])), encryptConditions=Conditions(orCondition=OrCondition(andConditions=[])), sqlTokens=[TableToken(tableName=short_url, quoteCharacter=NONE, schemaNameLength=0)], parametersIndex=1, logicSQL=SELECT  id,short_code,origin_url,origin_url_hash,create_timestamp  FROM short_url 
 
 WHERE (short_code = ?))), containStar=false, firstSelectItemStartIndex=8, selectListStopIndex=64, groupByLastIndex=0, items=[CommonSelectItem(expression=id, alias=Optional.absent()), CommonSelectItem(expression=short_code, alias=Optional.absent()), CommonSelectItem(expression=origin_url, alias=Optional.absent()), CommonSelectItem(expression=origin_url_hash, alias=Optional.absent()), CommonSelectItem(expression=create_timestamp, alias=Optional.absent())], groupByItems=[], orderByItems=[], limit=null, subqueryStatement=null, subqueryStatements=[], subqueryConditions=[])
2021-01-13 14:39:19.571 [ main ] - [ INFO  ] [ ShardingSphere-SQL : 89 ] - Actual SQL: master ::: SELECT  id,short_code,origin_url,origin_url_hash,create_timestamp  FROM short_url0 
 
 WHERE (short_code = ?) ::: []
2021-01-13 14:39:19.572 [ main ] - [ INFO  ] [ ShardingSphere-SQL : 89 ] - Actual SQL: master ::: SELECT  id,short_code,origin_url,origin_url_hash,create_timestamp  FROM short_url1 
 
 WHERE (short_code = ?) ::: []
2021-01-13 14:39:19.573 [ main ] - [ INFO  ] [ ShardingSphere-SQL : 89 ] - Actual SQL: master ::: SELECT  id,short_code,origin_url,origin_url_hash,create_timestamp  FROM short_url2 
 
 WHERE (short_code = ?) ::: []
2021-01-13 14:39:19.576 [ main ] - [ INFO  ] [ ShardingSphere-SQL : 89 ] - Actual SQL: master ::: SELECT  id,short_code,origin_url,origin_url_hash,create_timestamp  FROM short_url3 
 
 WHERE (short_code = ?) ::: []
2021-01-13 14:39:19.579 [ main ] - [ INFO  ] [ ShardingSphere-SQL : 89 ] - Actual SQL: master ::: SELECT  id,short_code,origin_url,origin_url_hash,create_timestamp  FROM short_url4 
 
 WHERE (short_code = ?) ::: []
2021-01-13 14:39:19.646 [ main ] - [ DEBUG ] [ com.wb.shorturl.mapper.ShortUrlMapper.selectOne : 137 ] - <==      Total: 0
2021-01-13 14:39:19.649 [ main ] - [ ERROR ] [ com.wb.shorturl.controller.ShortUrlController : 84 ] - not found short Code:
2021-01-13 14:39:19.751 [ main ] - [ DEBUG ] [ com.wb.shorturl.mapper.ShortUrlMapper.selectList : 137 ] - ==>  Preparing: SELECT id,short_code,origin_url,origin_url_hash,create_timestamp FROM short_url WHERE (origin_url_hash = ?)
2021-01-13 14:39:19.756 [ main ] - [ DEBUG ] [ com.wb.shorturl.mapper.ShortUrlMapper.selectList : 137 ] - ==> Parameters: -386659915(Integer)
2021-01-13 14:39:19.760 [ main ] - [ INFO  ] [ ShardingSphere-SQL : 89 ] - Rule Type: sharding
2021-01-13 14:39:19.761 [ main ] - [ INFO  ] [ ShardingSphere-SQL : 89 ] - Logic SQL: SELECT  id,short_code,origin_url,origin_url_hash,create_timestamp  FROM short_url 
 
 WHERE (origin_url_hash = ?)
2021-01-13 14:39:19.765 [ main ] - [ INFO  ] [ ShardingSphere-SQL : 89 ] - SQLStatement: SelectStatement(super=DQLStatement(super=AbstractSQLStatement(type=DQL, tables=Tables(tables=[Table(name=short_url, alias=Optional.absent())]), routeConditions=Conditions(orCondition=OrCondition(andConditions=[])), encryptConditions=Conditions(orCondition=OrCondition(andConditions=[])), sqlTokens=[TableToken(tableName=short_url, quoteCharacter=NONE, schemaNameLength=0)], parametersIndex=1, logicSQL=SELECT  id,short_code,origin_url,origin_url_hash,create_timestamp  FROM short_url 
 
 WHERE (origin_url_hash = ?))), containStar=false, firstSelectItemStartIndex=8, selectListStopIndex=64, groupByLastIndex=0, items=[CommonSelectItem(expression=id, alias=Optional.absent()), CommonSelectItem(expression=short_code, alias=Optional.absent()), CommonSelectItem(expression=origin_url, alias=Optional.absent()), CommonSelectItem(expression=origin_url_hash, alias=Optional.absent()), CommonSelectItem(expression=create_timestamp, alias=Optional.absent())], groupByItems=[], orderByItems=[], limit=null, subqueryStatement=null, subqueryStatements=[], subqueryConditions=[])
2021-01-13 14:39:19.766 [ main ] - [ INFO  ] [ ShardingSphere-SQL : 89 ] - Actual SQL: master ::: SELECT  id,short_code,origin_url,origin_url_hash,create_timestamp  FROM short_url0 
 
 WHERE (origin_url_hash = ?) ::: [-386659915]
2021-01-13 14:39:19.769 [ main ] - [ INFO  ] [ ShardingSphere-SQL : 89 ] - Actual SQL: master ::: SELECT  id,short_code,origin_url,origin_url_hash,create_timestamp  FROM short_url1 
 
 WHERE (origin_url_hash = ?) ::: [-386659915]
2021-01-13 14:39:19.771 [ main ] - [ INFO  ] [ ShardingSphere-SQL : 89 ] - Actual SQL: master ::: SELECT  id,short_code,origin_url,origin_url_hash,create_timestamp  FROM short_url2 
 
 WHERE (origin_url_hash = ?) ::: [-386659915]
2021-01-13 14:39:19.772 [ main ] - [ INFO  ] [ ShardingSphere-SQL : 89 ] - Actual SQL: master ::: SELECT  id,short_code,origin_url,origin_url_hash,create_timestamp  FROM short_url3 
 
 WHERE (origin_url_hash = ?) ::: [-386659915]
2021-01-13 14:39:19.775 [ main ] - [ INFO  ] [ ShardingSphere-SQL : 89 ] - Actual SQL: master ::: SELECT  id,short_code,origin_url,origin_url_hash,create_timestamp  FROM short_url4 
 
 WHERE (origin_url_hash = ?) ::: [-386659915]
2021-01-13 14:39:19.849 [ main ] - [ DEBUG ] [ com.wb.shorturl.mapper.ShortUrlMapper.selectList : 137 ] - <==      Total: 0
2021-01-13 14:39:19.873 [ main ] - [ DEBUG ] [ com.wb.shorturl.mapper.ShortUrlMapper.selectList : 137 ] - ==>  Preparing: SELECT id,short_code,origin_url,origin_url_hash,create_timestamp FROM short_url WHERE (origin_url_hash = ?)
2021-01-13 14:39:19.874 [ main ] - [ DEBUG ] [ com.wb.shorturl.mapper.ShortUrlMapper.selectList : 137 ] - ==> Parameters: -230418642(Integer)
2021-01-13 14:39:19.876 [ main ] - [ INFO  ] [ ShardingSphere-SQL : 89 ] - Rule Type: sharding
2021-01-13 14:39:19.876 [ main ] - [ INFO  ] [ ShardingSphere-SQL : 89 ] - Logic SQL: SELECT  id,short_code,origin_url,origin_url_hash,create_timestamp  FROM short_url 
 
 WHERE (origin_url_hash = ?)
2021-01-13 14:39:19.877 [ main ] - [ INFO  ] [ ShardingSphere-SQL : 89 ] - SQLStatement: SelectStatement(super=DQLStatement(super=AbstractSQLStatement(type=DQL, tables=Tables(tables=[Table(name=short_url, alias=Optional.absent())]), routeConditions=Conditions(orCondition=OrCondition(andConditions=[])), encryptConditions=Conditions(orCondition=OrCondition(andConditions=[])), sqlTokens=[TableToken(tableName=short_url, quoteCharacter=NONE, schemaNameLength=0)], parametersIndex=1, logicSQL=SELECT  id,short_code,origin_url,origin_url_hash,create_timestamp  FROM short_url 
 
 WHERE (origin_url_hash = ?))), containStar=false, firstSelectItemStartIndex=8, selectListStopIndex=64, groupByLastIndex=0, items=[CommonSelectItem(expression=id, alias=Optional.absent()), CommonSelectItem(expression=short_code, alias=Optional.absent()), CommonSelectItem(expression=origin_url, alias=Optional.absent()), CommonSelectItem(expression=origin_url_hash, alias=Optional.absent()), CommonSelectItem(expression=create_timestamp, alias=Optional.absent())], groupByItems=[], orderByItems=[], limit=null, subqueryStatement=null, subqueryStatements=[], subqueryConditions=[])
2021-01-13 14:39:19.880 [ main ] - [ INFO  ] [ ShardingSphere-SQL : 89 ] - Actual SQL: master ::: SELECT  id,short_code,origin_url,origin_url_hash,create_timestamp  FROM short_url0 
 
 WHERE (origin_url_hash = ?) ::: [-230418642]
2021-01-13 14:39:19.881 [ main ] - [ INFO  ] [ ShardingSphere-SQL : 89 ] - Actual SQL: master ::: SELECT  id,short_code,origin_url,origin_url_hash,create_timestamp  FROM short_url1 
 
 WHERE (origin_url_hash = ?) ::: [-230418642]
2021-01-13 14:39:19.881 [ main ] - [ INFO  ] [ ShardingSphere-SQL : 89 ] - Actual SQL: master ::: SELECT  id,short_code,origin_url,origin_url_hash,create_timestamp  FROM short_url2 
 
 WHERE (origin_url_hash = ?) ::: [-230418642]
2021-01-13 14:39:19.882 [ main ] - [ INFO  ] [ ShardingSphere-SQL : 89 ] - Actual SQL: master ::: SELECT  id,short_code,origin_url,origin_url_hash,create_timestamp  FROM short_url3 
 
 WHERE (origin_url_hash = ?) ::: [-230418642]
2021-01-13 14:39:19.883 [ main ] - [ INFO  ] [ ShardingSphere-SQL : 89 ] - Actual SQL: master ::: SELECT  id,short_code,origin_url,origin_url_hash,create_timestamp  FROM short_url4 
 
 WHERE (origin_url_hash = ?) ::: [-230418642]
2021-01-13 14:39:19.949 [ main ] - [ DEBUG ] [ com.wb.shorturl.mapper.ShortUrlMapper.selectList : 137 ] - <==      Total: 0
2021-01-13 14:39:19.998 [ main ] - [ DEBUG ] [ com.wb.shorturl.mapper.ShortUrlMapper.selectOne : 137 ] - ==>  Preparing: SELECT id,short_code,origin_url,origin_url_hash,create_timestamp FROM short_url WHERE (short_code = ?)
2021-01-13 14:39:20.000 [ main ] - [ DEBUG ] [ com.wb.shorturl.mapper.ShortUrlMapper.selectOne : 137 ] - ==> Parameters: notExistuwS(String)
2021-01-13 14:39:20.003 [ main ] - [ INFO  ] [ ShardingSphere-SQL : 89 ] - Rule Type: sharding
2021-01-13 14:39:20.005 [ main ] - [ INFO  ] [ ShardingSphere-SQL : 89 ] - Logic SQL: SELECT  id,short_code,origin_url,origin_url_hash,create_timestamp  FROM short_url 
 
 WHERE (short_code = ?)
2021-01-13 14:39:20.006 [ main ] - [ INFO  ] [ ShardingSphere-SQL : 89 ] - SQLStatement: SelectStatement(super=DQLStatement(super=AbstractSQLStatement(type=DQL, tables=Tables(tables=[Table(name=short_url, alias=Optional.absent())]), routeConditions=Conditions(orCondition=OrCondition(andConditions=[])), encryptConditions=Conditions(orCondition=OrCondition(andConditions=[])), sqlTokens=[TableToken(tableName=short_url, quoteCharacter=NONE, schemaNameLength=0)], parametersIndex=1, logicSQL=SELECT  id,short_code,origin_url,origin_url_hash,create_timestamp  FROM short_url 
 
 WHERE (short_code = ?))), containStar=false, firstSelectItemStartIndex=8, selectListStopIndex=64, groupByLastIndex=0, items=[CommonSelectItem(expression=id, alias=Optional.absent()), CommonSelectItem(expression=short_code, alias=Optional.absent()), CommonSelectItem(expression=origin_url, alias=Optional.absent()), CommonSelectItem(expression=origin_url_hash, alias=Optional.absent()), CommonSelectItem(expression=create_timestamp, alias=Optional.absent())], groupByItems=[], orderByItems=[], limit=null, subqueryStatement=null, subqueryStatements=[], subqueryConditions=[])
2021-01-13 14:39:20.006 [ main ] - [ INFO  ] [ ShardingSphere-SQL : 89 ] - Actual SQL: master ::: SELECT  id,short_code,origin_url,origin_url_hash,create_timestamp  FROM short_url0 
 
 WHERE (short_code = ?) ::: [notExistuwS]
2021-01-13 14:39:20.007 [ main ] - [ INFO  ] [ ShardingSphere-SQL : 89 ] - Actual SQL: master ::: SELECT  id,short_code,origin_url,origin_url_hash,create_timestamp  FROM short_url1 
 
 WHERE (short_code = ?) ::: [notExistuwS]
2021-01-13 14:39:20.007 [ main ] - [ INFO  ] [ ShardingSphere-SQL : 89 ] - Actual SQL: master ::: SELECT  id,short_code,origin_url,origin_url_hash,create_timestamp  FROM short_url2 
 
 WHERE (short_code = ?) ::: [notExistuwS]
2021-01-13 14:39:20.008 [ main ] - [ INFO  ] [ ShardingSphere-SQL : 89 ] - Actual SQL: master ::: SELECT  id,short_code,origin_url,origin_url_hash,create_timestamp  FROM short_url3 
 
 WHERE (short_code = ?) ::: [notExistuwS]
2021-01-13 14:39:20.010 [ main ] - [ INFO  ] [ ShardingSphere-SQL : 89 ] - Actual SQL: master ::: SELECT  id,short_code,origin_url,origin_url_hash,create_timestamp  FROM short_url4 
 
 WHERE (short_code = ?) ::: [notExistuwS]
2021-01-13 14:39:20.082 [ main ] - [ DEBUG ] [ com.wb.shorturl.mapper.ShortUrlMapper.selectOne : 137 ] - <==      Total: 0
2021-01-13 14:39:20.097 [ main ] - [ DEBUG ] [ com.wb.shorturl.mapper.ShortUrlMapper.selectOne : 137 ] - ==>  Preparing: SELECT id,short_code,origin_url,origin_url_hash,create_timestamp FROM short_url WHERE (short_code = ?)
2021-01-13 14:39:20.098 [ main ] - [ DEBUG ] [ com.wb.shorturl.mapper.ShortUrlMapper.selectOne : 137 ] - ==> Parameters: (String)
2021-01-13 14:39:20.100 [ main ] - [ INFO  ] [ ShardingSphere-SQL : 89 ] - Rule Type: sharding
2021-01-13 14:39:20.100 [ main ] - [ INFO  ] [ ShardingSphere-SQL : 89 ] - Logic SQL: SELECT  id,short_code,origin_url,origin_url_hash,create_timestamp  FROM short_url 
 
 WHERE (short_code = ?)
2021-01-13 14:39:20.101 [ main ] - [ INFO  ] [ ShardingSphere-SQL : 89 ] - SQLStatement: SelectStatement(super=DQLStatement(super=AbstractSQLStatement(type=DQL, tables=Tables(tables=[Table(name=short_url, alias=Optional.absent())]), routeConditions=Conditions(orCondition=OrCondition(andConditions=[])), encryptConditions=Conditions(orCondition=OrCondition(andConditions=[])), sqlTokens=[TableToken(tableName=short_url, quoteCharacter=NONE, schemaNameLength=0)], parametersIndex=1, logicSQL=SELECT  id,short_code,origin_url,origin_url_hash,create_timestamp  FROM short_url 
 
 WHERE (short_code = ?))), containStar=false, firstSelectItemStartIndex=8, selectListStopIndex=64, groupByLastIndex=0, items=[CommonSelectItem(expression=id, alias=Optional.absent()), CommonSelectItem(expression=short_code, alias=Optional.absent()), CommonSelectItem(expression=origin_url, alias=Optional.absent()), CommonSelectItem(expression=origin_url_hash, alias=Optional.absent()), CommonSelectItem(expression=create_timestamp, alias=Optional.absent())], groupByItems=[], orderByItems=[], limit=null, subqueryStatement=null, subqueryStatements=[], subqueryConditions=[])
2021-01-13 14:39:20.102 [ main ] - [ INFO  ] [ ShardingSphere-SQL : 89 ] - Actual SQL: master ::: SELECT  id,short_code,origin_url,origin_url_hash,create_timestamp  FROM short_url0 
 
 WHERE (short_code = ?) ::: []
2021-01-13 14:39:20.103 [ main ] - [ INFO  ] [ ShardingSphere-SQL : 89 ] - Actual SQL: master ::: SELECT  id,short_code,origin_url,origin_url_hash,create_timestamp  FROM short_url1 
 
 WHERE (short_code = ?) ::: []
2021-01-13 14:39:20.103 [ main ] - [ INFO  ] [ ShardingSphere-SQL : 89 ] - Actual SQL: master ::: SELECT  id,short_code,origin_url,origin_url_hash,create_timestamp  FROM short_url2 
 
 WHERE (short_code = ?) ::: []
2021-01-13 14:39:20.104 [ main ] - [ INFO  ] [ ShardingSphere-SQL : 89 ] - Actual SQL: master ::: SELECT  id,short_code,origin_url,origin_url_hash,create_timestamp  FROM short_url3 
 
 WHERE (short_code = ?) ::: []
2021-01-13 14:39:20.106 [ main ] - [ INFO  ] [ ShardingSphere-SQL : 89 ] - Actual SQL: master ::: SELECT  id,short_code,origin_url,origin_url_hash,create_timestamp  FROM short_url4 
 
 WHERE (short_code = ?) ::: []
2021-01-13 14:39:20.169 [ main ] - [ DEBUG ] [ com.wb.shorturl.mapper.ShortUrlMapper.selectOne : 137 ] - <==      Total: 0
2021-01-13 14:39:20.641 [ SpringContextShutdownHook ] - [ INFO  ] [ com.alibaba.druid.pool.DruidDataSource : 1965 ] - {dataSource-1} closing ...
2021-01-13 14:39:20.659 [ SpringContextShutdownHook ] - [ INFO  ] [ com.alibaba.druid.pool.DruidDataSource : 2037 ] - {dataSource-1} closed
