[2022-08-25T21:07:09.097] [INFO] default - starting load routers: [ urlConvert ]title:  长短连接转换API接口集合 api count:[ 2 ]
[2022-08-25T21:07:09.505] [INFO] default - loaded router [ /convert/longToShort ] method:[ post ]
[2022-08-25T21:07:09.572] [INFO] default - loaded router [ /convert/shortToLong ] method:[ post ]
[2022-08-25T21:07:09.573] [INFO] default - server is created! port:undefined
[2022-08-25T21:07:09.592] [DEBUG] default - Listening on port 64698
[2022-08-25T21:07:18.506] [INFO] default - [
  ConvertUrl {
    dataValues: {
      id: 2,
      urlLong: 'http://sad.com/12',
      urlLongMd5: '84546171d68c27e354133008ed94e315',
      urlShort: 'http://sad.com/9d5649a1',
      createTime: 2022-08-25T02:17:08.000Z,
      updateTime: 2022-08-25T02:17:08.000Z,
      delFlag: 1
    },
    _previousDataValues: {
      id: 2,
      urlLong: 'http://sad.com/12',
      urlLongMd5: '84546171d68c27e354133008ed94e315',
      urlShort: 'http://sad.com/9d5649a1',
      createTime: 2022-08-25T02:17:08.000Z,
      updateTime: 2022-08-25T02:17:08.000Z,
      delFlag: 1
    },
    uniqno: 1,
    _changed: Set(0) {},
    _options: {
      isNewRecord: false,
      _schema: null,
      _schemaDelimiter: '',
      raw: true,
      attributes: [Array]
    },
    isNewRecord: false
  },
  ConvertUrl {
    dataValues: {
      id: 3,
      urlLong: 'http://sad.com/125',
      urlLongMd5: 'd3dede515201945e52b64a83f42aaca8',
      urlShort: 'http://sad.com/7a791cbb',
      createTime: 2022-08-25T02:17:16.000Z,
      updateTime: 2022-08-25T02:17:16.000Z,
      delFlag: 1
    },
    _previousDataValues: {
      id: 3,
      urlLong: 'http://sad.com/125',
      urlLongMd5: 'd3dede515201945e52b64a83f42aaca8',
      urlShort: 'http://sad.com/7a791cbb',
      createTime: 2022-08-25T02:17:16.000Z,
      updateTime: 2022-08-25T02:17:16.000Z,
      delFlag: 1
    },
    uniqno: 1,
    _changed: Set(0) {},
    _options: {
      isNewRecord: false,
      _schema: null,
      _schemaDelimiter: '',
      raw: true,
      attributes: [Array]
    },
    isNewRecord: false
  },
  ConvertUrl {
    dataValues: {
      id: 4,
      urlLong: 'http://sad.com/125',
      urlLongMd5: 'd3dede515201945e52b64a83f42aaca8',
      urlShort: 'http://sad.com/ee40085e',
      createTime: 2022-08-25T02:19:40.000Z,
      updateTime: 2022-08-25T02:19:40.000Z,
      delFlag: 0
    },
    _previousDataValues: {
      id: 4,
      urlLong: 'http://sad.com/125',
      urlLongMd5: 'd3dede515201945e52b64a83f42aaca8',
      urlShort: 'http://sad.com/ee40085e',
      createTime: 2022-08-25T02:19:40.000Z,
      updateTime: 2022-08-25T02:19:40.000Z,
      delFlag: 0
    },
    uniqno: 1,
    _changed: Set(0) {},
    _options: {
      isNewRecord: false,
      _schema: null,
      _schemaDelimiter: '',
      raw: true,
      attributes: [Array]
    },
    isNewRecord: false
  },
  ConvertUrl {
    dataValues: {
      id: 5,
      urlLong: 'http://sad.com/1251',
      urlLongMd5: '6691e789fd8e8c1b64b0070ff283357c',
      urlShort: 'http://sad.com/f2749fb4',
      createTime: 2022-08-25T02:35:28.000Z,
      updateTime: 2022-08-25T02:35:28.000Z,
      delFlag: 0
    },
    _previousDataValues: {
      id: 5,
      urlLong: 'http://sad.com/1251',
      urlLongMd5: '6691e789fd8e8c1b64b0070ff283357c',
      urlShort: 'http://sad.com/f2749fb4',
      createTime: 2022-08-25T02:35:28.000Z,
      updateTime: 2022-08-25T02:35:28.000Z,
      delFlag: 0
    },
    uniqno: 1,
    _changed: Set(0) {},
    _options: {
      isNewRecord: false,
      _schema: null,
      _schemaDelimiter: '',
      raw: true,
      attributes: [Array]
    },
    isNewRecord: false
  }
]
[2022-08-25T21:07:52.768] [INFO] default - starting load routers: [ urlConvert ]title:  长短连接转换API接口集合 api count:[ 2 ]
[2022-08-25T21:07:52.775] [INFO] default - loaded router [ /convert/longToShort ] method:[ post ]
[2022-08-25T21:07:52.776] [INFO] default - loaded router [ /convert/shortToLong ] method:[ post ]
[2022-08-25T21:07:52.778] [INFO] default - server is created! port:undefined
[2022-08-25T21:07:52.799] [DEBUG] default - Listening on port 64890
[2022-08-25T21:08:24.161] [INFO] default - [
  ConvertUrl {
    dataValues: {
      id: 2,
      urlLong: 'http://sad.com/12',
      urlLongMd5: '84546171d68c27e354133008ed94e315',
      urlShort: 'http://sad.com/9d5649a1',
      createTime: 2022-08-25T02:17:08.000Z,
      updateTime: 2022-08-25T02:17:08.000Z,
      delFlag: 1
    },
    _previousDataValues: {
      id: 2,
      urlLong: 'http://sad.com/12',
      urlLongMd5: '84546171d68c27e354133008ed94e315',
      urlShort: 'http://sad.com/9d5649a1',
      createTime: 2022-08-25T02:17:08.000Z,
      updateTime: 2022-08-25T02:17:08.000Z,
      delFlag: 1
    },
    uniqno: 1,
    _changed: Set(0) {},
    _options: {
      isNewRecord: false,
      _schema: null,
      _schemaDelimiter: '',
      raw: true,
      attributes: [Array]
    },
    isNewRecord: false
  },
  ConvertUrl {
    dataValues: {
      id: 3,
      urlLong: 'http://sad.com/125',
      urlLongMd5: 'd3dede515201945e52b64a83f42aaca8',
      urlShort: 'http://sad.com/7a791cbb',
      createTime: 2022-08-25T02:17:16.000Z,
      updateTime: 2022-08-25T02:17:16.000Z,
      delFlag: 1
    },
    _previousDataValues: {
      id: 3,
      urlLong: 'http://sad.com/125',
      urlLongMd5: 'd3dede515201945e52b64a83f42aaca8',
      urlShort: 'http://sad.com/7a791cbb',
      createTime: 2022-08-25T02:17:16.000Z,
      updateTime: 2022-08-25T02:17:16.000Z,
      delFlag: 1
    },
    uniqno: 1,
    _changed: Set(0) {},
    _options: {
      isNewRecord: false,
      _schema: null,
      _schemaDelimiter: '',
      raw: true,
      attributes: [Array]
    },
    isNewRecord: false
  },
  ConvertUrl {
    dataValues: {
      id: 4,
      urlLong: 'http://sad.com/125',
      urlLongMd5: 'd3dede515201945e52b64a83f42aaca8',
      urlShort: 'http://sad.com/ee40085e',
      createTime: 2022-08-25T02:19:40.000Z,
      updateTime: 2022-08-25T02:19:40.000Z,
      delFlag: 0
    },
    _previousDataValues: {
      id: 4,
      urlLong: 'http://sad.com/125',
      urlLongMd5: 'd3dede515201945e52b64a83f42aaca8',
      urlShort: 'http://sad.com/ee40085e',
      createTime: 2022-08-25T02:19:40.000Z,
      updateTime: 2022-08-25T02:19:40.000Z,
      delFlag: 0
    },
    uniqno: 1,
    _changed: Set(0) {},
    _options: {
      isNewRecord: false,
      _schema: null,
      _schemaDelimiter: '',
      raw: true,
      attributes: [Array]
    },
    isNewRecord: false
  },
  ConvertUrl {
    dataValues: {
      id: 5,
      urlLong: 'http://sad.com/1251',
      urlLongMd5: '6691e789fd8e8c1b64b0070ff283357c',
      urlShort: 'http://sad.com/f2749fb4',
      createTime: 2022-08-25T02:35:28.000Z,
      updateTime: 2022-08-25T02:35:28.000Z,
      delFlag: 0
    },
    _previousDataValues: {
      id: 5,
      urlLong: 'http://sad.com/1251',
      urlLongMd5: '6691e789fd8e8c1b64b0070ff283357c',
      urlShort: 'http://sad.com/f2749fb4',
      createTime: 2022-08-25T02:35:28.000Z,
      updateTime: 2022-08-25T02:35:28.000Z,
      delFlag: 0
    },
    uniqno: 1,
    _changed: Set(0) {},
    _options: {
      isNewRecord: false,
      _schema: null,
      _schemaDelimiter: '',
      raw: true,
      attributes: [Array]
    },
    isNewRecord: false
  }
]
[2022-08-25T21:09:35.576] [INFO] default - [
  ConvertUrl {
    dataValues: {
      id: 2,
      urlLong: 'http://sad.com/12',
      urlLongMd5: '84546171d68c27e354133008ed94e315',
      urlShort: 'http://sad.com/9d5649a1',
      createTime: 2022-08-25T02:17:08.000Z,
      updateTime: 2022-08-25T02:17:08.000Z,
      delFlag: 1
    },
    _previousDataValues: {
      id: 2,
      urlLong: 'http://sad.com/12',
      urlLongMd5: '84546171d68c27e354133008ed94e315',
      urlShort: 'http://sad.com/9d5649a1',
      createTime: 2022-08-25T02:17:08.000Z,
      updateTime: 2022-08-25T02:17:08.000Z,
      delFlag: 1
    },
    uniqno: 1,
    _changed: Set(0) {},
    _options: {
      isNewRecord: false,
      _schema: null,
      _schemaDelimiter: '',
      raw: true,
      attributes: [Array]
    },
    isNewRecord: false
  },
  ConvertUrl {
    dataValues: {
      id: 3,
      urlLong: 'http://sad.com/125',
      urlLongMd5: 'd3dede515201945e52b64a83f42aaca8',
      urlShort: 'http://sad.com/7a791cbb',
      createTime: 2022-08-25T02:17:16.000Z,
      updateTime: 2022-08-25T02:17:16.000Z,
      delFlag: 1
    },
    _previousDataValues: {
      id: 3,
      urlLong: 'http://sad.com/125',
      urlLongMd5: 'd3dede515201945e52b64a83f42aaca8',
      urlShort: 'http://sad.com/7a791cbb',
      createTime: 2022-08-25T02:17:16.000Z,
      updateTime: 2022-08-25T02:17:16.000Z,
      delFlag: 1
    },
    uniqno: 1,
    _changed: Set(0) {},
    _options: {
      isNewRecord: false,
      _schema: null,
      _schemaDelimiter: '',
      raw: true,
      attributes: [Array]
    },
    isNewRecord: false
  },
  ConvertUrl {
    dataValues: {
      id: 4,
      urlLong: 'http://sad.com/125',
      urlLongMd5: 'd3dede515201945e52b64a83f42aaca8',
      urlShort: 'http://sad.com/ee40085e',
      createTime: 2022-08-25T02:19:40.000Z,
      updateTime: 2022-08-25T02:19:40.000Z,
      delFlag: 0
    },
    _previousDataValues: {
      id: 4,
      urlLong: 'http://sad.com/125',
      urlLongMd5: 'd3dede515201945e52b64a83f42aaca8',
      urlShort: 'http://sad.com/ee40085e',
      createTime: 2022-08-25T02:19:40.000Z,
      updateTime: 2022-08-25T02:19:40.000Z,
      delFlag: 0
    },
    uniqno: 1,
    _changed: Set(0) {},
    _options: {
      isNewRecord: false,
      _schema: null,
      _schemaDelimiter: '',
      raw: true,
      attributes: [Array]
    },
    isNewRecord: false
  },
  ConvertUrl {
    dataValues: {
      id: 5,
      urlLong: 'http://sad.com/1251',
      urlLongMd5: '6691e789fd8e8c1b64b0070ff283357c',
      urlShort: 'http://sad.com/f2749fb4',
      createTime: 2022-08-25T02:35:28.000Z,
      updateTime: 2022-08-25T02:35:28.000Z,
      delFlag: 0
    },
    _previousDataValues: {
      id: 5,
      urlLong: 'http://sad.com/1251',
      urlLongMd5: '6691e789fd8e8c1b64b0070ff283357c',
      urlShort: 'http://sad.com/f2749fb4',
      createTime: 2022-08-25T02:35:28.000Z,
      updateTime: 2022-08-25T02:35:28.000Z,
      delFlag: 0
    },
    uniqno: 1,
    _changed: Set(0) {},
    _options: {
      isNewRecord: false,
      _schema: null,
      _schemaDelimiter: '',
      raw: true,
      attributes: [Array]
    },
    isNewRecord: false
  }
]
[2022-08-25T21:09:41.831] [INFO] default - starting load routers: [ urlConvert ]title:  长短连接转换API接口集合 api count:[ 2 ]
[2022-08-25T21:09:41.838] [INFO] default - loaded router [ /convert/longToShort ] method:[ post ]
[2022-08-25T21:09:41.840] [INFO] default - loaded router [ /convert/shortToLong ] method:[ post ]
[2022-08-25T21:09:41.842] [INFO] default - server is created! port:undefined
[2022-08-25T21:09:41.861] [DEBUG] default - Listening on port 65359
[2022-08-25T21:09:56.497] [INFO] default - [
  ConvertUrl {
    dataValues: {
      id: 2,
      urlLong: 'http://sad.com/12',
      urlLongMd5: '84546171d68c27e354133008ed94e315',
      urlShort: 'http://sad.com/9d5649a1',
      createTime: 2022-08-25T02:17:08.000Z,
      updateTime: 2022-08-25T02:17:08.000Z,
      delFlag: 1
    },
    _previousDataValues: {
      id: 2,
      urlLong: 'http://sad.com/12',
      urlLongMd5: '84546171d68c27e354133008ed94e315',
      urlShort: 'http://sad.com/9d5649a1',
      createTime: 2022-08-25T02:17:08.000Z,
      updateTime: 2022-08-25T02:17:08.000Z,
      delFlag: 1
    },
    uniqno: 1,
    _changed: Set(0) {},
    _options: {
      isNewRecord: false,
      _schema: null,
      _schemaDelimiter: '',
      raw: true,
      attributes: [Array]
    },
    isNewRecord: false
  },
  ConvertUrl {
    dataValues: {
      id: 3,
      urlLong: 'http://sad.com/125',
      urlLongMd5: 'd3dede515201945e52b64a83f42aaca8',
      urlShort: 'http://sad.com/7a791cbb',
      createTime: 2022-08-25T02:17:16.000Z,
      updateTime: 2022-08-25T02:17:16.000Z,
      delFlag: 1
    },
    _previousDataValues: {
      id: 3,
      urlLong: 'http://sad.com/125',
      urlLongMd5: 'd3dede515201945e52b64a83f42aaca8',
      urlShort: 'http://sad.com/7a791cbb',
      createTime: 2022-08-25T02:17:16.000Z,
      updateTime: 2022-08-25T02:17:16.000Z,
      delFlag: 1
    },
    uniqno: 1,
    _changed: Set(0) {},
    _options: {
      isNewRecord: false,
      _schema: null,
      _schemaDelimiter: '',
      raw: true,
      attributes: [Array]
    },
    isNewRecord: false
  },
  ConvertUrl {
    dataValues: {
      id: 4,
      urlLong: 'http://sad.com/125',
      urlLongMd5: 'd3dede515201945e52b64a83f42aaca8',
      urlShort: 'http://sad.com/ee40085e',
      createTime: 2022-08-25T02:19:40.000Z,
      updateTime: 2022-08-25T02:19:40.000Z,
      delFlag: 0
    },
    _previousDataValues: {
      id: 4,
      urlLong: 'http://sad.com/125',
      urlLongMd5: 'd3dede515201945e52b64a83f42aaca8',
      urlShort: 'http://sad.com/ee40085e',
      createTime: 2022-08-25T02:19:40.000Z,
      updateTime: 2022-08-25T02:19:40.000Z,
      delFlag: 0
    },
    uniqno: 1,
    _changed: Set(0) {},
    _options: {
      isNewRecord: false,
      _schema: null,
      _schemaDelimiter: '',
      raw: true,
      attributes: [Array]
    },
    isNewRecord: false
  },
  ConvertUrl {
    dataValues: {
      id: 5,
      urlLong: 'http://sad.com/1251',
      urlLongMd5: '6691e789fd8e8c1b64b0070ff283357c',
      urlShort: 'http://sad.com/f2749fb4',
      createTime: 2022-08-25T02:35:28.000Z,
      updateTime: 2022-08-25T02:35:28.000Z,
      delFlag: 0
    },
    _previousDataValues: {
      id: 5,
      urlLong: 'http://sad.com/1251',
      urlLongMd5: '6691e789fd8e8c1b64b0070ff283357c',
      urlShort: 'http://sad.com/f2749fb4',
      createTime: 2022-08-25T02:35:28.000Z,
      updateTime: 2022-08-25T02:35:28.000Z,
      delFlag: 0
    },
    uniqno: 1,
    _changed: Set(0) {},
    _options: {
      isNewRecord: false,
      _schema: null,
      _schemaDelimiter: '',
      raw: true,
      attributes: [Array]
    },
    isNewRecord: false
  }
]
[2022-08-25T21:10:14.236] [INFO] default - starting load routers: [ urlConvert ]title:  长短连接转换API接口集合 api count:[ 2 ]
[2022-08-25T21:10:14.244] [INFO] default - loaded router [ /convert/longToShort ] method:[ post ]
[2022-08-25T21:10:14.246] [INFO] default - loaded router [ /convert/shortToLong ] method:[ post ]
[2022-08-25T21:10:14.248] [INFO] default - server is created! port:undefined
[2022-08-25T21:10:14.272] [DEBUG] default - Listening on port 65502
[2022-08-25T21:10:27.195] [INFO] default - [
  ConvertUrl {
    dataValues: {
      id: 2,
      urlLong: 'http://sad.com/12',
      urlLongMd5: '84546171d68c27e354133008ed94e315',
      urlShort: 'http://sad.com/9d5649a1',
      createTime: 2022-08-25T02:17:08.000Z,
      updateTime: 2022-08-25T02:17:08.000Z,
      delFlag: 1
    },
    _previousDataValues: {
      id: 2,
      urlLong: 'http://sad.com/12',
      urlLongMd5: '84546171d68c27e354133008ed94e315',
      urlShort: 'http://sad.com/9d5649a1',
      createTime: 2022-08-25T02:17:08.000Z,
      updateTime: 2022-08-25T02:17:08.000Z,
      delFlag: 1
    },
    uniqno: 1,
    _changed: Set(0) {},
    _options: {
      isNewRecord: false,
      _schema: null,
      _schemaDelimiter: '',
      raw: true,
      attributes: [Array]
    },
    isNewRecord: false
  },
  ConvertUrl {
    dataValues: {
      id: 3,
      urlLong: 'http://sad.com/125',
      urlLongMd5: 'd3dede515201945e52b64a83f42aaca8',
      urlShort: 'http://sad.com/7a791cbb',
      createTime: 2022-08-25T02:17:16.000Z,
      updateTime: 2022-08-25T02:17:16.000Z,
      delFlag: 1
    },
    _previousDataValues: {
      id: 3,
      urlLong: 'http://sad.com/125',
      urlLongMd5: 'd3dede515201945e52b64a83f42aaca8',
      urlShort: 'http://sad.com/7a791cbb',
      createTime: 2022-08-25T02:17:16.000Z,
      updateTime: 2022-08-25T02:17:16.000Z,
      delFlag: 1
    },
    uniqno: 1,
    _changed: Set(0) {},
    _options: {
      isNewRecord: false,
      _schema: null,
      _schemaDelimiter: '',
      raw: true,
      attributes: [Array]
    },
    isNewRecord: false
  },
  ConvertUrl {
    dataValues: {
      id: 4,
      urlLong: 'http://sad.com/125',
      urlLongMd5: 'd3dede515201945e52b64a83f42aaca8',
      urlShort: 'http://sad.com/ee40085e',
      createTime: 2022-08-25T02:19:40.000Z,
      updateTime: 2022-08-25T02:19:40.000Z,
      delFlag: 0
    },
    _previousDataValues: {
      id: 4,
      urlLong: 'http://sad.com/125',
      urlLongMd5: 'd3dede515201945e52b64a83f42aaca8',
      urlShort: 'http://sad.com/ee40085e',
      createTime: 2022-08-25T02:19:40.000Z,
      updateTime: 2022-08-25T02:19:40.000Z,
      delFlag: 0
    },
    uniqno: 1,
    _changed: Set(0) {},
    _options: {
      isNewRecord: false,
      _schema: null,
      _schemaDelimiter: '',
      raw: true,
      attributes: [Array]
    },
    isNewRecord: false
  },
  ConvertUrl {
    dataValues: {
      id: 5,
      urlLong: 'http://sad.com/1251',
      urlLongMd5: '6691e789fd8e8c1b64b0070ff283357c',
      urlShort: 'http://sad.com/f2749fb4',
      createTime: 2022-08-25T02:35:28.000Z,
      updateTime: 2022-08-25T02:35:28.000Z,
      delFlag: 0
    },
    _previousDataValues: {
      id: 5,
      urlLong: 'http://sad.com/1251',
      urlLongMd5: '6691e789fd8e8c1b64b0070ff283357c',
      urlShort: 'http://sad.com/f2749fb4',
      createTime: 2022-08-25T02:35:28.000Z,
      updateTime: 2022-08-25T02:35:28.000Z,
      delFlag: 0
    },
    uniqno: 1,
    _changed: Set(0) {},
    _options: {
      isNewRecord: false,
      _schema: null,
      _schemaDelimiter: '',
      raw: true,
      attributes: [Array]
    },
    isNewRecord: false
  }
]
[2022-08-25T21:11:36.318] [INFO] default - starting load routers: [ urlConvert ]title:  长短连接转换API接口集合 api count:[ 2 ]
[2022-08-25T21:11:36.326] [INFO] default - loaded router [ /convert/longToShort ] method:[ post ]
[2022-08-25T21:11:36.327] [INFO] default - loaded router [ /convert/shortToLong ] method:[ post ]
[2022-08-25T21:11:36.329] [INFO] default - server is created! port:undefined
[2022-08-25T21:11:36.348] [DEBUG] default - Listening on port 49481
[2022-08-25T21:11:55.911] [INFO] default - [
  ConvertUrl {
    dataValues: {
      id: 2,
      urlLong: 'http://sad.com/12',
      urlLongMd5: '84546171d68c27e354133008ed94e315',
      urlShort: 'http://sad.com/9d5649a1',
      createTime: 2022-08-25T02:17:08.000Z,
      updateTime: 2022-08-25T02:17:08.000Z,
      delFlag: 1
    },
    _previousDataValues: {
      id: 2,
      urlLong: 'http://sad.com/12',
      urlLongMd5: '84546171d68c27e354133008ed94e315',
      urlShort: 'http://sad.com/9d5649a1',
      createTime: 2022-08-25T02:17:08.000Z,
      updateTime: 2022-08-25T02:17:08.000Z,
      delFlag: 1
    },
    uniqno: 1,
    _changed: Set(0) {},
    _options: {
      isNewRecord: false,
      _schema: null,
      _schemaDelimiter: '',
      raw: true,
      attributes: [Array]
    },
    isNewRecord: false
  },
  ConvertUrl {
    dataValues: {
      id: 3,
      urlLong: 'http://sad.com/125',
      urlLongMd5: 'd3dede515201945e52b64a83f42aaca8',
      urlShort: 'http://sad.com/7a791cbb',
      createTime: 2022-08-25T02:17:16.000Z,
      updateTime: 2022-08-25T02:17:16.000Z,
      delFlag: 1
    },
    _previousDataValues: {
      id: 3,
      urlLong: 'http://sad.com/125',
      urlLongMd5: 'd3dede515201945e52b64a83f42aaca8',
      urlShort: 'http://sad.com/7a791cbb',
      createTime: 2022-08-25T02:17:16.000Z,
      updateTime: 2022-08-25T02:17:16.000Z,
      delFlag: 1
    },
    uniqno: 1,
    _changed: Set(0) {},
    _options: {
      isNewRecord: false,
      _schema: null,
      _schemaDelimiter: '',
      raw: true,
      attributes: [Array]
    },
    isNewRecord: false
  },
  ConvertUrl {
    dataValues: {
      id: 4,
      urlLong: 'http://sad.com/125',
      urlLongMd5: 'd3dede515201945e52b64a83f42aaca8',
      urlShort: 'http://sad.com/ee40085e',
      createTime: 2022-08-25T02:19:40.000Z,
      updateTime: 2022-08-25T02:19:40.000Z,
      delFlag: 0
    },
    _previousDataValues: {
      id: 4,
      urlLong: 'http://sad.com/125',
      urlLongMd5: 'd3dede515201945e52b64a83f42aaca8',
      urlShort: 'http://sad.com/ee40085e',
      createTime: 2022-08-25T02:19:40.000Z,
      updateTime: 2022-08-25T02:19:40.000Z,
      delFlag: 0
    },
    uniqno: 1,
    _changed: Set(0) {},
    _options: {
      isNewRecord: false,
      _schema: null,
      _schemaDelimiter: '',
      raw: true,
      attributes: [Array]
    },
    isNewRecord: false
  },
  ConvertUrl {
    dataValues: {
      id: 5,
      urlLong: 'http://sad.com/1251',
      urlLongMd5: '6691e789fd8e8c1b64b0070ff283357c',
      urlShort: 'http://sad.com/f2749fb4',
      createTime: 2022-08-25T02:35:28.000Z,
      updateTime: 2022-08-25T02:35:28.000Z,
      delFlag: 0
    },
    _previousDataValues: {
      id: 5,
      urlLong: 'http://sad.com/1251',
      urlLongMd5: '6691e789fd8e8c1b64b0070ff283357c',
      urlShort: 'http://sad.com/f2749fb4',
      createTime: 2022-08-25T02:35:28.000Z,
      updateTime: 2022-08-25T02:35:28.000Z,
      delFlag: 0
    },
    uniqno: 1,
    _changed: Set(0) {},
    _options: {
      isNewRecord: false,
      _schema: null,
      _schemaDelimiter: '',
      raw: true,
      attributes: [Array]
    },
    isNewRecord: false
  }
]
[2022-08-25T21:16:28.835] [INFO] default - starting load routers: [ urlConvert ]title:  长短连接转换API接口集合 api count:[ 2 ]
[2022-08-25T21:16:29.251] [INFO] default - loaded router [ /convert/longToShort ] method:[ post ]
[2022-08-25T21:16:29.313] [INFO] default - loaded router [ /convert/shortToLong ] method:[ post ]
[2022-08-25T21:16:29.315] [INFO] default - server is created! port:8887
[2022-08-25T21:16:29.336] [DEBUG] default - Listening on port 8887
[2022-08-25T21:17:08.026] [INFO] default - [
  ConvertUrl {
    dataValues: {
      id: 2,
      urlLong: 'http://sad.com/12',
      urlLongMd5: '84546171d68c27e354133008ed94e315',
      urlShort: 'http://sad.com/9d5649a1',
      createTime: 2022-08-25T02:17:08.000Z,
      updateTime: 2022-08-25T02:17:08.000Z,
      delFlag: 1
    },
    _previousDataValues: {
      id: 2,
      urlLong: 'http://sad.com/12',
      urlLongMd5: '84546171d68c27e354133008ed94e315',
      urlShort: 'http://sad.com/9d5649a1',
      createTime: 2022-08-25T02:17:08.000Z,
      updateTime: 2022-08-25T02:17:08.000Z,
      delFlag: 1
    },
    uniqno: 1,
    _changed: Set(0) {},
    _options: {
      isNewRecord: false,
      _schema: null,
      _schemaDelimiter: '',
      raw: true,
      attributes: [Array]
    },
    isNewRecord: false
  },
  ConvertUrl {
    dataValues: {
      id: 3,
      urlLong: 'http://sad.com/125',
      urlLongMd5: 'd3dede515201945e52b64a83f42aaca8',
      urlShort: 'http://sad.com/7a791cbb',
      createTime: 2022-08-25T02:17:16.000Z,
      updateTime: 2022-08-25T02:17:16.000Z,
      delFlag: 1
    },
    _previousDataValues: {
      id: 3,
      urlLong: 'http://sad.com/125',
      urlLongMd5: 'd3dede515201945e52b64a83f42aaca8',
      urlShort: 'http://sad.com/7a791cbb',
      createTime: 2022-08-25T02:17:16.000Z,
      updateTime: 2022-08-25T02:17:16.000Z,
      delFlag: 1
    },
    uniqno: 1,
    _changed: Set(0) {},
    _options: {
      isNewRecord: false,
      _schema: null,
      _schemaDelimiter: '',
      raw: true,
      attributes: [Array]
    },
    isNewRecord: false
  },
  ConvertUrl {
    dataValues: {
      id: 4,
      urlLong: 'http://sad.com/125',
      urlLongMd5: 'd3dede515201945e52b64a83f42aaca8',
      urlShort: 'http://sad.com/ee40085e',
      createTime: 2022-08-25T02:19:40.000Z,
      updateTime: 2022-08-25T02:19:40.000Z,
      delFlag: 0
    },
    _previousDataValues: {
      id: 4,
      urlLong: 'http://sad.com/125',
      urlLongMd5: 'd3dede515201945e52b64a83f42aaca8',
      urlShort: 'http://sad.com/ee40085e',
      createTime: 2022-08-25T02:19:40.000Z,
      updateTime: 2022-08-25T02:19:40.000Z,
      delFlag: 0
    },
    uniqno: 1,
    _changed: Set(0) {},
    _options: {
      isNewRecord: false,
      _schema: null,
      _schemaDelimiter: '',
      raw: true,
      attributes: [Array]
    },
    isNewRecord: false
  },
  ConvertUrl {
    dataValues: {
      id: 5,
      urlLong: 'http://sad.com/1251',
      urlLongMd5: '6691e789fd8e8c1b64b0070ff283357c',
      urlShort: 'http://sad.com/f2749fb4',
      createTime: 2022-08-25T02:35:28.000Z,
      updateTime: 2022-08-25T02:35:28.000Z,
      delFlag: 0
    },
    _previousDataValues: {
      id: 5,
      urlLong: 'http://sad.com/1251',
      urlLongMd5: '6691e789fd8e8c1b64b0070ff283357c',
      urlShort: 'http://sad.com/f2749fb4',
      createTime: 2022-08-25T02:35:28.000Z,
      updateTime: 2022-08-25T02:35:28.000Z,
      delFlag: 0
    },
    uniqno: 1,
    _changed: Set(0) {},
    _options: {
      isNewRecord: false,
      _schema: null,
      _schemaDelimiter: '',
      raw: true,
      attributes: [Array]
    },
    isNewRecord: false
  }
]
[2022-08-25T21:17:48.911] [INFO] default - [
  ConvertUrl {
    dataValues: {
      id: 2,
      urlLong: 'http://sad.com/12',
      urlLongMd5: '84546171d68c27e354133008ed94e315',
      urlShort: 'http://sad.com/9d5649a1',
      createTime: 2022-08-25T02:17:08.000Z,
      updateTime: 2022-08-25T02:17:08.000Z,
      delFlag: 1
    },
    _previousDataValues: {
      id: 2,
      urlLong: 'http://sad.com/12',
      urlLongMd5: '84546171d68c27e354133008ed94e315',
      urlShort: 'http://sad.com/9d5649a1',
      createTime: 2022-08-25T02:17:08.000Z,
      updateTime: 2022-08-25T02:17:08.000Z,
      delFlag: 1
    },
    uniqno: 1,
    _changed: Set(0) {},
    _options: {
      isNewRecord: false,
      _schema: null,
      _schemaDelimiter: '',
      raw: true,
      attributes: [Array]
    },
    isNewRecord: false
  },
  ConvertUrl {
    dataValues: {
      id: 3,
      urlLong: 'http://sad.com/125',
      urlLongMd5: 'd3dede515201945e52b64a83f42aaca8',
      urlShort: 'http://sad.com/7a791cbb',
      createTime: 2022-08-25T02:17:16.000Z,
      updateTime: 2022-08-25T02:17:16.000Z,
      delFlag: 1
    },
    _previousDataValues: {
      id: 3,
      urlLong: 'http://sad.com/125',
      urlLongMd5: 'd3dede515201945e52b64a83f42aaca8',
      urlShort: 'http://sad.com/7a791cbb',
      createTime: 2022-08-25T02:17:16.000Z,
      updateTime: 2022-08-25T02:17:16.000Z,
      delFlag: 1
    },
    uniqno: 1,
    _changed: Set(0) {},
    _options: {
      isNewRecord: false,
      _schema: null,
      _schemaDelimiter: '',
      raw: true,
      attributes: [Array]
    },
    isNewRecord: false
  },
  ConvertUrl {
    dataValues: {
      id: 4,
      urlLong: 'http://sad.com/125',
      urlLongMd5: 'd3dede515201945e52b64a83f42aaca8',
      urlShort: 'http://sad.com/ee40085e',
      createTime: 2022-08-25T02:19:40.000Z,
      updateTime: 2022-08-25T02:19:40.000Z,
      delFlag: 0
    },
    _previousDataValues: {
      id: 4,
      urlLong: 'http://sad.com/125',
      urlLongMd5: 'd3dede515201945e52b64a83f42aaca8',
      urlShort: 'http://sad.com/ee40085e',
      createTime: 2022-08-25T02:19:40.000Z,
      updateTime: 2022-08-25T02:19:40.000Z,
      delFlag: 0
    },
    uniqno: 1,
    _changed: Set(0) {},
    _options: {
      isNewRecord: false,
      _schema: null,
      _schemaDelimiter: '',
      raw: true,
      attributes: [Array]
    },
    isNewRecord: false
  },
  ConvertUrl {
    dataValues: {
      id: 5,
      urlLong: 'http://sad.com/1251',
      urlLongMd5: '6691e789fd8e8c1b64b0070ff283357c',
      urlShort: 'http://sad.com/f2749fb4',
      createTime: 2022-08-25T02:35:28.000Z,
      updateTime: 2022-08-25T02:35:28.000Z,
      delFlag: 0
    },
    _previousDataValues: {
      id: 5,
      urlLong: 'http://sad.com/1251',
      urlLongMd5: '6691e789fd8e8c1b64b0070ff283357c',
      urlShort: 'http://sad.com/f2749fb4',
      createTime: 2022-08-25T02:35:28.000Z,
      updateTime: 2022-08-25T02:35:28.000Z,
      delFlag: 0
    },
    uniqno: 1,
    _changed: Set(0) {},
    _options: {
      isNewRecord: false,
      _schema: null,
      _schemaDelimiter: '',
      raw: true,
      attributes: [Array]
    },
    isNewRecord: false
  }
]
[2022-08-25T21:19:02.649] [INFO] default - starting load routers: [ urlConvert ]title:  长短连接转换API接口集合 api count:[ 2 ]
[2022-08-25T21:19:02.658] [INFO] default - loaded router [ /convert/longToShort ] method:[ post ]
[2022-08-25T21:19:02.664] [INFO] default - loaded router [ /convert/shortToLong ] method:[ post ]
[2022-08-25T21:19:02.667] [INFO] default - server is created! port:8887
[2022-08-25T21:19:02.688] [DEBUG] default - Listening on port 8887
[2022-08-25T21:19:47.411] [INFO] default - [
  ConvertUrl {
    dataValues: {
      id: 2,
      urlLong: 'http://sad.com/12',
      urlLongMd5: '84546171d68c27e354133008ed94e315',
      urlShort: 'http://sad.com/9d5649a1',
      createTime: 2022-08-25T02:17:08.000Z,
      updateTime: 2022-08-25T02:17:08.000Z,
      delFlag: 1
    },
    _previousDataValues: {
      id: 2,
      urlLong: 'http://sad.com/12',
      urlLongMd5: '84546171d68c27e354133008ed94e315',
      urlShort: 'http://sad.com/9d5649a1',
      createTime: 2022-08-25T02:17:08.000Z,
      updateTime: 2022-08-25T02:17:08.000Z,
      delFlag: 1
    },
    uniqno: 1,
    _changed: Set(0) {},
    _options: {
      isNewRecord: false,
      _schema: null,
      _schemaDelimiter: '',
      raw: true,
      attributes: [Array]
    },
    isNewRecord: false
  },
  ConvertUrl {
    dataValues: {
      id: 3,
      urlLong: 'http://sad.com/125',
      urlLongMd5: 'd3dede515201945e52b64a83f42aaca8',
      urlShort: 'http://sad.com/7a791cbb',
      createTime: 2022-08-25T02:17:16.000Z,
      updateTime: 2022-08-25T02:17:16.000Z,
      delFlag: 1
    },
    _previousDataValues: {
      id: 3,
      urlLong: 'http://sad.com/125',
      urlLongMd5: 'd3dede515201945e52b64a83f42aaca8',
      urlShort: 'http://sad.com/7a791cbb',
      createTime: 2022-08-25T02:17:16.000Z,
      updateTime: 2022-08-25T02:17:16.000Z,
      delFlag: 1
    },
    uniqno: 1,
    _changed: Set(0) {},
    _options: {
      isNewRecord: false,
      _schema: null,
      _schemaDelimiter: '',
      raw: true,
      attributes: [Array]
    },
    isNewRecord: false
  },
  ConvertUrl {
    dataValues: {
      id: 4,
      urlLong: 'http://sad.com/125',
      urlLongMd5: 'd3dede515201945e52b64a83f42aaca8',
      urlShort: 'http://sad.com/ee40085e',
      createTime: 2022-08-25T02:19:40.000Z,
      updateTime: 2022-08-25T02:19:40.000Z,
      delFlag: 0
    },
    _previousDataValues: {
      id: 4,
      urlLong: 'http://sad.com/125',
      urlLongMd5: 'd3dede515201945e52b64a83f42aaca8',
      urlShort: 'http://sad.com/ee40085e',
      createTime: 2022-08-25T02:19:40.000Z,
      updateTime: 2022-08-25T02:19:40.000Z,
      delFlag: 0
    },
    uniqno: 1,
    _changed: Set(0) {},
    _options: {
      isNewRecord: false,
      _schema: null,
      _schemaDelimiter: '',
      raw: true,
      attributes: [Array]
    },
    isNewRecord: false
  },
  ConvertUrl {
    dataValues: {
      id: 5,
      urlLong: 'http://sad.com/1251',
      urlLongMd5: '6691e789fd8e8c1b64b0070ff283357c',
      urlShort: 'http://sad.com/f2749fb4',
      createTime: 2022-08-25T02:35:28.000Z,
      updateTime: 2022-08-25T02:35:28.000Z,
      delFlag: 0
    },
    _previousDataValues: {
      id: 5,
      urlLong: 'http://sad.com/1251',
      urlLongMd5: '6691e789fd8e8c1b64b0070ff283357c',
      urlShort: 'http://sad.com/f2749fb4',
      createTime: 2022-08-25T02:35:28.000Z,
      updateTime: 2022-08-25T02:35:28.000Z,
      delFlag: 0
    },
    uniqno: 1,
    _changed: Set(0) {},
    _options: {
      isNewRecord: false,
      _schema: null,
      _schemaDelimiter: '',
      raw: true,
      attributes: [Array]
    },
    isNewRecord: false
  }
]
[2022-08-25T21:20:03.157] [INFO] default - starting load routers: [ urlConvert ]title:  长短连接转换API接口集合 api count:[ 2 ]
[2022-08-25T21:20:03.165] [INFO] default - loaded router [ /convert/longToShort ] method:[ post ]
[2022-08-25T21:20:03.167] [INFO] default - loaded router [ /convert/shortToLong ] method:[ post ]
[2022-08-25T21:20:03.169] [INFO] default - server is created! port:8887
[2022-08-25T21:20:03.188] [DEBUG] default - Listening on port 8887
[2022-08-25T21:20:22.396] [INFO] default - [
  ConvertUrl {
    dataValues: {
      id: 2,
      urlLong: 'http://sad.com/12',
      urlLongMd5: '84546171d68c27e354133008ed94e315',
      urlShort: 'http://sad.com/9d5649a1',
      createTime: 2022-08-25T02:17:08.000Z,
      updateTime: 2022-08-25T02:17:08.000Z,
      delFlag: 1
    },
    _previousDataValues: {
      id: 2,
      urlLong: 'http://sad.com/12',
      urlLongMd5: '84546171d68c27e354133008ed94e315',
      urlShort: 'http://sad.com/9d5649a1',
      createTime: 2022-08-25T02:17:08.000Z,
      updateTime: 2022-08-25T02:17:08.000Z,
      delFlag: 1
    },
    uniqno: 1,
    _changed: Set(0) {},
    _options: {
      isNewRecord: false,
      _schema: null,
      _schemaDelimiter: '',
      raw: true,
      attributes: [Array]
    },
    isNewRecord: false
  },
  ConvertUrl {
    dataValues: {
      id: 3,
      urlLong: 'http://sad.com/125',
      urlLongMd5: 'd3dede515201945e52b64a83f42aaca8',
      urlShort: 'http://sad.com/7a791cbb',
      createTime: 2022-08-25T02:17:16.000Z,
      updateTime: 2022-08-25T02:17:16.000Z,
      delFlag: 1
    },
    _previousDataValues: {
      id: 3,
      urlLong: 'http://sad.com/125',
      urlLongMd5: 'd3dede515201945e52b64a83f42aaca8',
      urlShort: 'http://sad.com/7a791cbb',
      createTime: 2022-08-25T02:17:16.000Z,
      updateTime: 2022-08-25T02:17:16.000Z,
      delFlag: 1
    },
    uniqno: 1,
    _changed: Set(0) {},
    _options: {
      isNewRecord: false,
      _schema: null,
      _schemaDelimiter: '',
      raw: true,
      attributes: [Array]
    },
    isNewRecord: false
  },
  ConvertUrl {
    dataValues: {
      id: 4,
      urlLong: 'http://sad.com/125',
      urlLongMd5: 'd3dede515201945e52b64a83f42aaca8',
      urlShort: 'http://sad.com/ee40085e',
      createTime: 2022-08-25T02:19:40.000Z,
      updateTime: 2022-08-25T02:19:40.000Z,
      delFlag: 0
    },
    _previousDataValues: {
      id: 4,
      urlLong: 'http://sad.com/125',
      urlLongMd5: 'd3dede515201945e52b64a83f42aaca8',
      urlShort: 'http://sad.com/ee40085e',
      createTime: 2022-08-25T02:19:40.000Z,
      updateTime: 2022-08-25T02:19:40.000Z,
      delFlag: 0
    },
    uniqno: 1,
    _changed: Set(0) {},
    _options: {
      isNewRecord: false,
      _schema: null,
      _schemaDelimiter: '',
      raw: true,
      attributes: [Array]
    },
    isNewRecord: false
  },
  ConvertUrl {
    dataValues: {
      id: 5,
      urlLong: 'http://sad.com/1251',
      urlLongMd5: '6691e789fd8e8c1b64b0070ff283357c',
      urlShort: 'http://sad.com/f2749fb4',
      createTime: 2022-08-25T02:35:28.000Z,
      updateTime: 2022-08-25T02:35:28.000Z,
      delFlag: 0
    },
    _previousDataValues: {
      id: 5,
      urlLong: 'http://sad.com/1251',
      urlLongMd5: '6691e789fd8e8c1b64b0070ff283357c',
      urlShort: 'http://sad.com/f2749fb4',
      createTime: 2022-08-25T02:35:28.000Z,
      updateTime: 2022-08-25T02:35:28.000Z,
      delFlag: 0
    },
    uniqno: 1,
    _changed: Set(0) {},
    _options: {
      isNewRecord: false,
      _schema: null,
      _schemaDelimiter: '',
      raw: true,
      attributes: [Array]
    },
    isNewRecord: false
  }
]
[2022-08-25T21:24:16.672] [INFO] default - starting load routers: [ urlConvert ]title:  长短连接转换API接口集合 api count:[ 2 ]
[2022-08-25T21:24:17.047] [INFO] default - loaded router [ /convert/longToShort ] method:[ post ]
[2022-08-25T21:24:17.103] [INFO] default - loaded router [ /convert/shortToLong ] method:[ post ]
[2022-08-25T21:24:17.106] [INFO] default - server is created! port:8887
[2022-08-25T21:24:17.128] [DEBUG] default - Listening on port 8887
[2022-08-25T21:24:24.289] [INFO] default - [
  ConvertUrl {
    dataValues: {
      id: 2,
      urlLong: 'http://sad.com/12',
      urlLongMd5: '84546171d68c27e354133008ed94e315',
      urlShort: 'http://sad.com/9d5649a1',
      createTime: 2022-08-25T02:17:08.000Z,
      updateTime: 2022-08-25T02:17:08.000Z,
      delFlag: 1
    },
    _previousDataValues: {
      id: 2,
      urlLong: 'http://sad.com/12',
      urlLongMd5: '84546171d68c27e354133008ed94e315',
      urlShort: 'http://sad.com/9d5649a1',
      createTime: 2022-08-25T02:17:08.000Z,
      updateTime: 2022-08-25T02:17:08.000Z,
      delFlag: 1
    },
    uniqno: 1,
    _changed: Set(0) {},
    _options: {
      isNewRecord: false,
      _schema: null,
      _schemaDelimiter: '',
      raw: true,
      attributes: [Array]
    },
    isNewRecord: false
  },
  ConvertUrl {
    dataValues: {
      id: 3,
      urlLong: 'http://sad.com/125',
      urlLongMd5: 'd3dede515201945e52b64a83f42aaca8',
      urlShort: 'http://sad.com/7a791cbb',
      createTime: 2022-08-25T02:17:16.000Z,
      updateTime: 2022-08-25T02:17:16.000Z,
      delFlag: 1
    },
    _previousDataValues: {
      id: 3,
      urlLong: 'http://sad.com/125',
      urlLongMd5: 'd3dede515201945e52b64a83f42aaca8',
      urlShort: 'http://sad.com/7a791cbb',
      createTime: 2022-08-25T02:17:16.000Z,
      updateTime: 2022-08-25T02:17:16.000Z,
      delFlag: 1
    },
    uniqno: 1,
    _changed: Set(0) {},
    _options: {
      isNewRecord: false,
      _schema: null,
      _schemaDelimiter: '',
      raw: true,
      attributes: [Array]
    },
    isNewRecord: false
  },
  ConvertUrl {
    dataValues: {
      id: 4,
      urlLong: 'http://sad.com/125',
      urlLongMd5: 'd3dede515201945e52b64a83f42aaca8',
      urlShort: 'http://sad.com/ee40085e',
      createTime: 2022-08-25T02:19:40.000Z,
      updateTime: 2022-08-25T02:19:40.000Z,
      delFlag: 0
    },
    _previousDataValues: {
      id: 4,
      urlLong: 'http://sad.com/125',
      urlLongMd5: 'd3dede515201945e52b64a83f42aaca8',
      urlShort: 'http://sad.com/ee40085e',
      createTime: 2022-08-25T02:19:40.000Z,
      updateTime: 2022-08-25T02:19:40.000Z,
      delFlag: 0
    },
    uniqno: 1,
    _changed: Set(0) {},
    _options: {
      isNewRecord: false,
      _schema: null,
      _schemaDelimiter: '',
      raw: true,
      attributes: [Array]
    },
    isNewRecord: false
  },
  ConvertUrl {
    dataValues: {
      id: 5,
      urlLong: 'http://sad.com/1251',
      urlLongMd5: '6691e789fd8e8c1b64b0070ff283357c',
      urlShort: 'http://sad.com/f2749fb4',
      createTime: 2022-08-25T02:35:28.000Z,
      updateTime: 2022-08-25T02:35:28.000Z,
      delFlag: 0
    },
    _previousDataValues: {
      id: 5,
      urlLong: 'http://sad.com/1251',
      urlLongMd5: '6691e789fd8e8c1b64b0070ff283357c',
      urlShort: 'http://sad.com/f2749fb4',
      createTime: 2022-08-25T02:35:28.000Z,
      updateTime: 2022-08-25T02:35:28.000Z,
      delFlag: 0
    },
    uniqno: 1,
    _changed: Set(0) {},
    _options: {
      isNewRecord: false,
      _schema: null,
      _schemaDelimiter: '',
      raw: true,
      attributes: [Array]
    },
    isNewRecord: false
  }
]
[2022-08-25T21:25:01.640] [INFO] default - starting load routers: [ urlConvert ]title:  长短连接转换API接口集合 api count:[ 2 ]
[2022-08-25T21:25:01.647] [INFO] default - loaded router [ /convert/longToShort ] method:[ post ]
[2022-08-25T21:25:01.648] [INFO] default - loaded router [ /convert/shortToLong ] method:[ post ]
[2022-08-25T21:25:01.652] [INFO] default - server is created! port:8887
[2022-08-25T21:25:01.675] [DEBUG] default - Listening on port 8887
[2022-08-25T21:25:12.765] [INFO] default - [
  ConvertUrl {
    dataValues: {
      id: 2,
      urlLong: 'http://sad.com/12',
      urlLongMd5: '84546171d68c27e354133008ed94e315',
      urlShort: 'http://sad.com/9d5649a1',
      createTime: 2022-08-25T02:17:08.000Z,
      updateTime: 2022-08-25T02:17:08.000Z,
      delFlag: 1
    },
    _previousDataValues: {
      id: 2,
      urlLong: 'http://sad.com/12',
      urlLongMd5: '84546171d68c27e354133008ed94e315',
      urlShort: 'http://sad.com/9d5649a1',
      createTime: 2022-08-25T02:17:08.000Z,
      updateTime: 2022-08-25T02:17:08.000Z,
      delFlag: 1
    },
    uniqno: 1,
    _changed: Set(0) {},
    _options: {
      isNewRecord: false,
      _schema: null,
      _schemaDelimiter: '',
      raw: true,
      attributes: [Array]
    },
    isNewRecord: false
  },
  ConvertUrl {
    dataValues: {
      id: 3,
      urlLong: 'http://sad.com/125',
      urlLongMd5: 'd3dede515201945e52b64a83f42aaca8',
      urlShort: 'http://sad.com/7a791cbb',
      createTime: 2022-08-25T02:17:16.000Z,
      updateTime: 2022-08-25T02:17:16.000Z,
      delFlag: 1
    },
    _previousDataValues: {
      id: 3,
      urlLong: 'http://sad.com/125',
      urlLongMd5: 'd3dede515201945e52b64a83f42aaca8',
      urlShort: 'http://sad.com/7a791cbb',
      createTime: 2022-08-25T02:17:16.000Z,
      updateTime: 2022-08-25T02:17:16.000Z,
      delFlag: 1
    },
    uniqno: 1,
    _changed: Set(0) {},
    _options: {
      isNewRecord: false,
      _schema: null,
      _schemaDelimiter: '',
      raw: true,
      attributes: [Array]
    },
    isNewRecord: false
  },
  ConvertUrl {
    dataValues: {
      id: 4,
      urlLong: 'http://sad.com/125',
      urlLongMd5: 'd3dede515201945e52b64a83f42aaca8',
      urlShort: 'http://sad.com/ee40085e',
      createTime: 2022-08-25T02:19:40.000Z,
      updateTime: 2022-08-25T02:19:40.000Z,
      delFlag: 0
    },
    _previousDataValues: {
      id: 4,
      urlLong: 'http://sad.com/125',
      urlLongMd5: 'd3dede515201945e52b64a83f42aaca8',
      urlShort: 'http://sad.com/ee40085e',
      createTime: 2022-08-25T02:19:40.000Z,
      updateTime: 2022-08-25T02:19:40.000Z,
      delFlag: 0
    },
    uniqno: 1,
    _changed: Set(0) {},
    _options: {
      isNewRecord: false,
      _schema: null,
      _schemaDelimiter: '',
      raw: true,
      attributes: [Array]
    },
    isNewRecord: false
  },
  ConvertUrl {
    dataValues: {
      id: 5,
      urlLong: 'http://sad.com/1251',
      urlLongMd5: '6691e789fd8e8c1b64b0070ff283357c',
      urlShort: 'http://sad.com/f2749fb4',
      createTime: 2022-08-25T02:35:28.000Z,
      updateTime: 2022-08-25T02:35:28.000Z,
      delFlag: 0
    },
    _previousDataValues: {
      id: 5,
      urlLong: 'http://sad.com/1251',
      urlLongMd5: '6691e789fd8e8c1b64b0070ff283357c',
      urlShort: 'http://sad.com/f2749fb4',
      createTime: 2022-08-25T02:35:28.000Z,
      updateTime: 2022-08-25T02:35:28.000Z,
      delFlag: 0
    },
    uniqno: 1,
    _changed: Set(0) {},
    _options: {
      isNewRecord: false,
      _schema: null,
      _schemaDelimiter: '',
      raw: true,
      attributes: [Array]
    },
    isNewRecord: false
  }
]
[2022-08-25T21:26:12.931] [INFO] default - starting load routers: [ urlConvert ]title:  长短连接转换API接口集合 api count:[ 2 ]
[2022-08-25T21:26:12.939] [INFO] default - loaded router [ /convert/longToShort ] method:[ post ]
[2022-08-25T21:26:12.940] [INFO] default - loaded router [ /convert/shortToLong ] method:[ post ]
[2022-08-25T21:26:12.942] [INFO] default - server is created! port:8887
[2022-08-25T21:26:12.966] [DEBUG] default - Listening on port 8887
[2022-08-25T21:26:18.966] [INFO] default - [
  ConvertUrl {
    dataValues: {
      id: 2,
      urlLong: 'http://sad.com/12',
      urlLongMd5: '84546171d68c27e354133008ed94e315',
      urlShort: 'http://sad.com/9d5649a1',
      createTime: 2022-08-25T02:17:08.000Z,
      updateTime: 2022-08-25T02:17:08.000Z,
      delFlag: 1
    },
    _previousDataValues: {
      id: 2,
      urlLong: 'http://sad.com/12',
      urlLongMd5: '84546171d68c27e354133008ed94e315',
      urlShort: 'http://sad.com/9d5649a1',
      createTime: 2022-08-25T02:17:08.000Z,
      updateTime: 2022-08-25T02:17:08.000Z,
      delFlag: 1
    },
    uniqno: 1,
    _changed: Set(0) {},
    _options: {
      isNewRecord: false,
      _schema: null,
      _schemaDelimiter: '',
      raw: true,
      attributes: [Array]
    },
    isNewRecord: false
  },
  ConvertUrl {
    dataValues: {
      id: 3,
      urlLong: 'http://sad.com/125',
      urlLongMd5: 'd3dede515201945e52b64a83f42aaca8',
      urlShort: 'http://sad.com/7a791cbb',
      createTime: 2022-08-25T02:17:16.000Z,
      updateTime: 2022-08-25T02:17:16.000Z,
      delFlag: 1
    },
    _previousDataValues: {
      id: 3,
      urlLong: 'http://sad.com/125',
      urlLongMd5: 'd3dede515201945e52b64a83f42aaca8',
      urlShort: 'http://sad.com/7a791cbb',
      createTime: 2022-08-25T02:17:16.000Z,
      updateTime: 2022-08-25T02:17:16.000Z,
      delFlag: 1
    },
    uniqno: 1,
    _changed: Set(0) {},
    _options: {
      isNewRecord: false,
      _schema: null,
      _schemaDelimiter: '',
      raw: true,
      attributes: [Array]
    },
    isNewRecord: false
  },
  ConvertUrl {
    dataValues: {
      id: 4,
      urlLong: 'http://sad.com/125',
      urlLongMd5: 'd3dede515201945e52b64a83f42aaca8',
      urlShort: 'http://sad.com/ee40085e',
      createTime: 2022-08-25T02:19:40.000Z,
      updateTime: 2022-08-25T02:19:40.000Z,
      delFlag: 0
    },
    _previousDataValues: {
      id: 4,
      urlLong: 'http://sad.com/125',
      urlLongMd5: 'd3dede515201945e52b64a83f42aaca8',
      urlShort: 'http://sad.com/ee40085e',
      createTime: 2022-08-25T02:19:40.000Z,
      updateTime: 2022-08-25T02:19:40.000Z,
      delFlag: 0
    },
    uniqno: 1,
    _changed: Set(0) {},
    _options: {
      isNewRecord: false,
      _schema: null,
      _schemaDelimiter: '',
      raw: true,
      attributes: [Array]
    },
    isNewRecord: false
  },
  ConvertUrl {
    dataValues: {
      id: 5,
      urlLong: 'http://sad.com/1251',
      urlLongMd5: '6691e789fd8e8c1b64b0070ff283357c',
      urlShort: 'http://sad.com/f2749fb4',
      createTime: 2022-08-25T02:35:28.000Z,
      updateTime: 2022-08-25T02:35:28.000Z,
      delFlag: 0
    },
    _previousDataValues: {
      id: 5,
      urlLong: 'http://sad.com/1251',
      urlLongMd5: '6691e789fd8e8c1b64b0070ff283357c',
      urlShort: 'http://sad.com/f2749fb4',
      createTime: 2022-08-25T02:35:28.000Z,
      updateTime: 2022-08-25T02:35:28.000Z,
      delFlag: 0
    },
    uniqno: 1,
    _changed: Set(0) {},
    _options: {
      isNewRecord: false,
      _schema: null,
      _schemaDelimiter: '',
      raw: true,
      attributes: [Array]
    },
    isNewRecord: false
  }
]
[2022-08-25T21:29:38.177] [INFO] default - starting load routers: [ urlConvert ]title:  长短连接转换API接口集合 api count:[ 2 ]
[2022-08-25T21:29:38.184] [INFO] default - loaded router [ /convert/longToShort ] method:[ post ]
[2022-08-25T21:29:38.186] [INFO] default - loaded router [ /convert/shortToLong ] method:[ post ]
[2022-08-25T21:29:38.188] [INFO] default - server is created! port:8887
[2022-08-25T21:29:38.208] [DEBUG] default - Listening on port 8887
[2022-08-25T23:58:00.696] [INFO] default - starting load routers: [ urlConvert ]title:  长短连接转换API接口集合 api count:[ 2 ]
[2022-08-25T23:58:26.800] [INFO] default - starting load routers: [ urlConvert ]title:  长短连接转换API接口集合 api count:[ 2 ]
[2022-08-25T23:59:00.952] [INFO] default - starting load routers: [ urlConvert ]title:  长短连接转换API接口集合 api count:[ 2 ]
[2022-08-25T23:59:00.963] [INFO] default - loaded router [ /convert/longToShort ] method:[ post ]
[2022-08-25T23:59:01.045] [INFO] default - loaded router [ /convert/shortToLong ] method:[ post ]
[2022-08-25T23:59:01.046] [INFO] default - server is created! port:8887
[2022-08-25T23:59:01.064] [DEBUG] default - Listening on port 8887
[2022-08-26T00:03:07.760] [INFO] default - starting load routers: [ urlConvert ]title:  长短连接转换API接口集合 api count:[ 2 ]
[2022-08-26T00:03:07.872] [INFO] default - loaded router [ /convert/longToShort ] method:[ post ]
[2022-08-26T00:03:07.874] [INFO] default - loaded router [ /convert/shortToLong ] method:[ post ]
[2022-08-26T00:03:07.876] [INFO] default - server is created! port:8887
[2022-08-26T00:03:07.897] [DEBUG] default - Listening on port 8887
[2022-08-26T00:04:44.383] [INFO] default - starting load routers: [ urlConvert ]title:  长短连接转换API接口集合 api count:[ 2 ]
[2022-08-26T00:04:44.395] [INFO] default - loaded router [ /convert/longToShort ] method:[ post ]
[2022-08-26T00:04:44.396] [INFO] default - loaded router [ /convert/shortToLong ] method:[ post ]
[2022-08-26T00:04:44.398] [INFO] default - server is created! port:8887
[2022-08-26T00:04:44.421] [DEBUG] default - Listening on port 8887
[2022-08-26T00:11:22.290] [INFO] default - starting load routers: [ urlConvert ]title:  长短连接转换API接口集合 api count:[ 2 ]
[2022-08-26T00:11:22.302] [INFO] default - loaded router [ /convert/longToShort ] method:[ post ]
[2022-08-26T00:11:22.303] [INFO] default - loaded router [ /convert/shortToLong ] method:[ post ]
[2022-08-26T00:11:22.305] [INFO] default - server is created! port:8887
[2022-08-26T00:11:22.324] [DEBUG] default - Listening on port 8887
[2022-08-26T00:17:22.835] [INFO] default - starting load routers: [ urlConvert ]title:  长短连接转换API接口集合 api count:[ 2 ]
[2022-08-26T00:17:22.852] [INFO] default - loaded router [ /convert/longToShort ] method:[ post ]
[2022-08-26T00:17:22.853] [INFO] default - loaded router [ /convert/shortToLong ] method:[ post ]
[2022-08-26T00:17:22.854] [INFO] default - server is created! port:8887
[2022-08-26T00:17:22.875] [DEBUG] default - Listening on port 8887
[2022-08-26T00:19:03.704] [INFO] default - starting load routers: [ urlConvert ]title:  长短连接转换API接口集合 api count:[ 2 ]
[2022-08-26T00:19:03.717] [INFO] default - loaded router [ /convert/longToShort ] method:[ post ]
[2022-08-26T00:19:11.543] [INFO] default - starting load routers: [ urlConvert ]title:  长短连接转换API接口集合 api count:[ 2 ]
[2022-08-26T00:19:18.262] [INFO] default - starting load routers: [ urlConvert ]title:  长短连接转换API接口集合 api count:[ 2 ]
[2022-08-26T00:19:18.275] [INFO] default - loaded router [ /convert/longToShort ] method:[ post ]
[2022-08-26T00:19:25.202] [INFO] default - starting load routers: [ urlConvert ]title:  长短连接转换API接口集合 api count:[ 2 ]
[2022-08-26T00:19:52.644] [INFO] default - starting load routers: [ urlConvert ]title:  长短连接转换API接口集合 api count:[ 2 ]
[2022-08-26T00:19:52.660] [INFO] default - loaded router [ /convert/longToShort ] method:[ post ]
[2022-08-26T00:20:01.741] [INFO] default - starting load routers: [ urlConvert ]title:  长短连接转换API接口集合 api count:[ 2 ]
[2022-08-26T00:20:01.753] [INFO] default - loaded router [ /convert/longToShort ] method:[ post ]
[2022-08-26T00:20:01.768] [INFO] default - loaded router [ /convert/shortToLong ] method:[ post ]
[2022-08-26T00:20:01.770] [INFO] default - server is created! port:8887
[2022-08-26T00:20:01.792] [DEBUG] default - Listening on port 8887
[2022-08-26T00:20:55.006] [INFO] default - starting load routers: [ urlConvert ]title:  长短连接转换API接口集合 api count:[ 2 ]
[2022-08-26T00:20:55.022] [INFO] default - loaded router [ /convert/longToShort ] method:[ post ]
[2022-08-26T00:20:55.029] [INFO] default - loaded router [ /convert/shortToLong ] method:[ post ]
[2022-08-26T00:20:55.031] [INFO] default - server is created! port:8887
[2022-08-26T00:20:55.052] [DEBUG] default - Listening on port 8887
[2022-08-26T00:22:30.225] [INFO] default - starting load routers: [ urlConvert ]title:  长短连接转换API接口集合 api count:[ 2 ]
[2022-08-26T00:22:30.805] [INFO] default - loaded router [ /convert/longToShort ] method:[ post ]
[2022-08-26T00:22:31.173] [INFO] default - loaded router [ /convert/shortToLong ] method:[ post ]
[2022-08-26T00:22:31.175] [INFO] default - server is created! port:8887
[2022-08-26T00:22:31.198] [DEBUG] default - Listening on port 8887
[2022-08-26T00:23:45.117] [INFO] default - starting load routers: [ urlConvert ]title:  长短连接转换API接口集合 api count:[ 2 ]
[2022-08-26T00:23:45.133] [INFO] default - loaded router [ /convert/longToShort ] method:[ post ]
[2022-08-26T00:23:45.140] [INFO] default - loaded router [ /convert/shortToLong ] method:[ post ]
[2022-08-26T00:23:45.143] [INFO] default - server is created! port:8887
[2022-08-26T00:23:45.165] [DEBUG] default - Listening on port 8887
[2022-08-26T00:24:49.989] [INFO] default - starting load routers: [ urlConvert ]title:  长短连接转换API接口集合 api count:[ 2 ]
[2022-08-26T00:24:50.479] [INFO] default - loaded router [ /convert/longToShort ] method:[ post ]
[2022-08-26T00:24:50.792] [INFO] default - loaded router [ /convert/shortToLong ] method:[ post ]
[2022-08-26T00:24:50.793] [INFO] default - server is created! port:8887
[2022-08-26T00:24:50.815] [DEBUG] default - Listening on port 8887
[2022-08-26T00:27:02.893] [INFO] default - starting load routers: [ urlConvert ]title:  长短连接转换API接口集合 api count:[ 2 ]
[2022-08-26T00:27:03.418] [INFO] default - loaded router [ /convert/longToShort ] method:[ post ]
[2022-08-26T00:27:03.860] [INFO] default - loaded router [ /convert/shortToLong ] method:[ post ]
[2022-08-26T00:27:03.862] [INFO] default - server is created! port:8887
[2022-08-26T00:27:03.888] [DEBUG] default - Listening on port 8887
[2022-08-26T00:27:31.143] [INFO] default - starting load routers: [ urlConvert ]title:  长短连接转换API接口集合 api count:[ 2 ]
[2022-08-26T00:27:31.158] [INFO] default - loaded router [ /convert/longToShort ] method:[ post ]
[2022-08-26T00:27:31.162] [INFO] default - loaded router [ /convert/shortToLong ] method:[ post ]
[2022-08-26T00:27:31.163] [INFO] default - server is created! port:8887
[2022-08-26T00:27:31.185] [DEBUG] default - Listening on port 8887
[2022-08-26T00:27:35.874] [ERROR] default - Request Error: 该短域名无效，请先吊用/convert/longToShort接口生成短域名
[2022-08-26T00:27:51.550] [INFO] default - starting load routers: [ urlConvert ]title:  长短连接转换API接口集合 api count:[ 2 ]
[2022-08-26T00:27:51.563] [INFO] default - loaded router [ /convert/longToShort ] method:[ post ]
[2022-08-26T00:27:51.567] [INFO] default - loaded router [ /convert/shortToLong ] method:[ post ]
[2022-08-26T00:27:51.569] [INFO] default - server is created! port:8887
[2022-08-26T00:27:51.592] [DEBUG] default - Listening on port 8887
[2022-08-26T00:27:54.148] [ERROR] default - Request Error: 该短域名无效，请先调用/convert/longToShort接口生成短域名
[2022-08-26T00:37:36.211] [INFO] default - starting load routers: [ urlConvert ]title:  长短连接转换API接口集合 api count:[ 2 ]
[2022-08-26T00:37:36.233] [INFO] default - loaded router [ /convert/longToShort ] method:[ post ]
[2022-08-26T00:37:36.237] [INFO] default - loaded router [ /convert/shortToLong ] method:[ post ]
[2022-08-26T00:37:36.238] [INFO] default - server is created! port:8887
[2022-08-26T00:37:36.257] [DEBUG] default - Listening on port 8887
[2022-08-26T01:00:42.575] [INFO] default - starting load routers: [ urlConvert ]title:  长短连接转换API接口集合 api count:[ 2 ]
[2022-08-26T01:00:45.429] [INFO] default - starting load routers: [ urlConvert ]title:  长短连接转换API接口集合 api count:[ 2 ]
[2022-08-26T01:05:56.253] [INFO] default - starting load routers: [ urlConvert ]title:  长短连接转换API接口集合 api count:[ 2 ]
[2022-08-26T01:05:56.589] [INFO] default - loaded router [ /convert/longToShort ] method:[ post ]
[2022-08-26T01:05:56.864] [INFO] default - loaded router [ /convert/shortToLong ] method:[ post ]
[2022-08-26T01:05:56.866] [INFO] default - server is created! port:8887
[2022-08-26T01:05:56.888] [DEBUG] default - Listening on port 8887
[2022-08-26T01:17:05.383] [INFO] default - starting load routers: [ urlConvert ]title:  长短连接转换API接口集合 api count:[ 2 ]
[2022-08-26T01:17:05.391] [INFO] default - loaded router [ /convert/longToShort ] method:[ post ]
[2022-08-26T01:17:05.394] [INFO] default - loaded router [ /convert/shortToLong ] method:[ post ]
[2022-08-26T01:17:05.395] [INFO] default - server is created! port:8887
[2022-08-26T01:17:05.416] [DEBUG] default - Listening on port 8887
[2022-08-26T01:17:15.402] [INFO] default - starting load routers: [ urlConvert ]title:  长短连接转换API接口集合 api count:[ 2 ]
[2022-08-26T01:17:15.410] [INFO] default - loaded router [ /convert/longToShort ] method:[ post ]
[2022-08-26T01:17:15.411] [INFO] default - loaded router [ /convert/shortToLong ] method:[ post ]
[2022-08-26T01:17:15.413] [INFO] default - server is created! port:8887
[2022-08-26T01:17:15.441] [ERROR] default - Pipe8887 is already in use
[2022-08-26T01:17:15.441] [DEBUG] default - Listening on port 49607
[2022-08-26T01:19:37.409] [INFO] default - starting load routers: [ urlConvert ]title:  长短连接转换API接口集合 api count:[ 2 ]
[2022-08-26T01:19:37.421] [INFO] default - loaded router [ /convert/longToShort ] method:[ post ]
[2022-08-26T01:19:37.424] [INFO] default - loaded router [ /convert/shortToLong ] method:[ post ]
[2022-08-26T01:19:37.425] [INFO] default - server is created! port:8887
[2022-08-26T01:19:37.443] [DEBUG] default - Listening on port 8887
[2022-08-26T01:20:02.342] [INFO] default - starting load routers: [ urlConvert ]title:  长短连接转换API接口集合 api count:[ 2 ]
[2022-08-26T01:20:02.353] [INFO] default - loaded router [ /convert/longToShort ] method:[ post ]
[2022-08-26T01:20:02.357] [INFO] default - loaded router [ /convert/shortToLong ] method:[ post ]
[2022-08-26T01:20:02.358] [INFO] default - server is created! port:8887
[2022-08-26T01:20:02.388] [ERROR] default - Pipe8887 is already in use
[2022-08-26T01:20:02.388] [DEBUG] default - Listening on port 50306
[2022-08-26T01:20:32.984] [INFO] default - starting load routers: [ urlConvert ]title:  长短连接转换API接口集合 api count:[ 2 ]
[2022-08-26T01:20:32.994] [INFO] default - loaded router [ /convert/longToShort ] method:[ post ]
[2022-08-26T01:20:32.996] [INFO] default - loaded router [ /convert/shortToLong ] method:[ post ]
[2022-08-26T01:20:32.998] [INFO] default - server is created! port:8887
[2022-08-26T01:20:33.020] [DEBUG] default - Listening on port 8887
[2022-08-26T01:20:41.188] [INFO] default - starting load routers: [ urlConvert ]title:  长短连接转换API接口集合 api count:[ 2 ]
[2022-08-26T01:20:41.197] [INFO] default - loaded router [ /convert/longToShort ] method:[ post ]
[2022-08-26T01:20:41.199] [INFO] default - loaded router [ /convert/shortToLong ] method:[ post ]
[2022-08-26T01:20:41.200] [INFO] default - server is created! port:8887
[2022-08-26T01:20:41.229] [ERROR] default - Pipe8887 is already in use
[2022-08-26T01:20:41.230] [DEBUG] default - Listening on port 50472
[2022-08-26T01:23:51.247] [INFO] default - starting load routers: [ urlConvert ]title:  长短连接转换API接口集合 api count:[ 2 ]
[2022-08-26T01:23:51.262] [INFO] default - loaded router [ /convert/longToShort ] method:[ post ]
[2022-08-26T01:23:51.265] [INFO] default - loaded router [ /convert/shortToLong ] method:[ post ]
[2022-08-26T01:23:51.267] [INFO] default - server is created! port:8887
[2022-08-26T01:23:51.299] [ERROR] default - Pipe8887 is already in use
[2022-08-26T01:23:51.300] [DEBUG] default - Listening on port 51270
[2022-08-26T01:25:21.597] [INFO] default - starting load routers: [ urlConvert ]title:  长短连接转换API接口集合 api count:[ 2 ]
[2022-08-26T01:25:21.612] [INFO] default - loaded router [ /convert/longToShort ] method:[ post ]
[2022-08-26T01:25:21.615] [INFO] default - loaded router [ /convert/shortToLong ] method:[ post ]
[2022-08-26T01:25:21.616] [INFO] default - server is created! port:8887
[2022-08-26T01:25:21.644] [ERROR] default - Pipe8887 is already in use
[2022-08-26T01:25:21.644] [DEBUG] default - Listening on port 51646
[2022-08-26T01:26:45.522] [INFO] default - starting load routers: [ urlConvert ]title:  长短连接转换API接口集合 api count:[ 2 ]
[2022-08-26T01:26:45.536] [INFO] default - loaded router [ /convert/longToShort ] method:[ post ]
[2022-08-26T01:26:45.540] [INFO] default - loaded router [ /convert/shortToLong ] method:[ post ]
[2022-08-26T01:26:45.541] [INFO] default - server is created! port:8887
[2022-08-26T01:26:45.569] [ERROR] default - Pipe8887 is already in use
[2022-08-26T01:26:45.569] [DEBUG] default - Listening on port 52014
[2022-08-26T01:27:30.380] [INFO] default - starting load routers: [ urlConvert ]title:  长短连接转换API接口集合 api count:[ 2 ]
[2022-08-26T01:27:30.390] [INFO] default - loaded router [ /convert/longToShort ] method:[ post ]
[2022-08-26T01:27:30.392] [INFO] default - loaded router [ /convert/shortToLong ] method:[ post ]
[2022-08-26T01:27:30.394] [INFO] default - server is created! port:8887
[2022-08-26T01:27:30.415] [DEBUG] default - Listening on port 8887
[2022-08-26T01:30:22.079] [INFO] default - starting load routers: [ urlConvert ]title:  长短连接转换API接口集合 api count:[ 2 ]
[2022-08-26T01:30:22.088] [INFO] default - loaded router [ /convert/longToShort ] method:[ post ]
[2022-08-26T01:30:22.090] [INFO] default - loaded router [ /convert/shortToLong ] method:[ post ]
[2022-08-26T01:30:22.091] [INFO] default - server is created! port:8887
[2022-08-26T01:30:22.111] [DEBUG] default - Listening on port 8887
[2022-08-26T01:30:28.050] [INFO] default - starting load routers: [ urlConvert ]title:  长短连接转换API接口集合 api count:[ 2 ]
[2022-08-26T01:30:28.060] [INFO] default - loaded router [ /convert/longToShort ] method:[ post ]
[2022-08-26T01:30:28.064] [INFO] default - loaded router [ /convert/shortToLong ] method:[ post ]
[2022-08-26T01:31:52.651] [INFO] default - starting load routers: [ urlConvert ]title:  长短连接转换API接口集合 api count:[ 2 ]
[2022-08-26T01:31:52.661] [INFO] default - loaded router [ /convert/longToShort ] method:[ post ]
[2022-08-26T01:31:52.663] [INFO] default - loaded router [ /convert/shortToLong ] method:[ post ]
[2022-08-26T01:31:52.665] [INFO] default - server is created! port:8887
[2022-08-26T01:31:52.682] [DEBUG] default - Listening on port 8887
[2022-08-26T01:31:59.689] [INFO] default - starting load routers: [ urlConvert ]title:  长短连接转换API接口集合 api count:[ 2 ]
[2022-08-26T01:31:59.704] [INFO] default - loaded router [ /convert/longToShort ] method:[ post ]
[2022-08-26T01:31:59.708] [INFO] default - loaded router [ /convert/shortToLong ] method:[ post ]
[2022-08-26T01:31:59.709] [INFO] default - server is created! port:8887
[2022-08-26T01:31:59.732] [ERROR] default - Pipe8887 is already in use
[2022-08-26T01:31:59.842] [DEBUG] default - Listening on port 53356
[2022-08-26T09:56:24.296] [INFO] default - starting load routers: [ urlConvert ]title:  长短连接转换API接口集合 api count:[ 2 ]
[2022-08-26T09:56:24.315] [INFO] default - loaded router [ /convert/longToShort ] method:[ post ]
[2022-08-26T09:56:24.319] [INFO] default - loaded router [ /convert/shortToLong ] method:[ post ]
[2022-08-26T09:56:24.321] [INFO] default - server is created! port:8887
[2022-08-26T09:56:24.391] [ERROR] default - Pipe8887 is already in use
[2022-08-26T09:57:05.615] [INFO] default - starting load routers: [ urlConvert ]title:  长短连接转换API接口集合 api count:[ 2 ]
[2022-08-26T09:57:05.623] [INFO] default - loaded router [ /convert/longToShort ] method:[ post ]
[2022-08-26T09:57:05.625] [INFO] default - loaded router [ /convert/shortToLong ] method:[ post ]
[2022-08-26T09:57:05.626] [INFO] default - server is created! port:8887
[2022-08-26T09:57:05.645] [ERROR] default - Pipe8887 is already in use
[2022-08-26T09:57:19.745] [INFO] default - starting load routers: [ urlConvert ]title:  长短连接转换API接口集合 api count:[ 2 ]
[2022-08-26T09:57:19.759] [INFO] default - loaded router [ /convert/longToShort ] method:[ post ]
[2022-08-26T09:57:19.762] [INFO] default - loaded router [ /convert/shortToLong ] method:[ post ]
[2022-08-26T09:57:19.764] [INFO] default - server is created! port:8887
[2022-08-26T09:57:19.789] [ERROR] default - Pipe8887 is already in use
[2022-08-26T09:58:34.854] [INFO] default - starting load routers: [ urlConvert ]title:  长短连接转换API接口集合 api count:[ 2 ]
[2022-08-26T09:58:34.863] [INFO] default - loaded router [ /convert/longToShort ] method:[ post ]
[2022-08-26T09:58:34.865] [INFO] default - loaded router [ /convert/shortToLong ] method:[ post ]
[2022-08-26T09:58:34.866] [INFO] default - server is created! port:8887
[2022-08-26T09:58:34.886] [ERROR] default - Pipe8887 is already in use
[2022-08-26T09:59:35.624] [INFO] default - starting load routers: [ urlConvert ]title:  长短连接转换API接口集合 api count:[ 2 ]
[2022-08-26T09:59:35.633] [INFO] default - loaded router [ /convert/longToShort ] method:[ post ]
[2022-08-26T09:59:35.634] [INFO] default - loaded router [ /convert/shortToLong ] method:[ post ]
[2022-08-26T09:59:35.636] [INFO] default - server is created! port:8887
[2022-08-26T09:59:35.656] [ERROR] default - Pipe8887 is already in use
[2022-08-26T09:59:35.761] [ERROR] default - Pipe8887 is already in use
[2022-08-26T10:00:22.080] [INFO] default - starting load routers: [ urlConvert ]title:  长短连接转换API接口集合 api count:[ 2 ]
[2022-08-26T10:00:22.089] [INFO] default - loaded router [ /convert/longToShort ] method:[ post ]
[2022-08-26T10:00:22.091] [INFO] default - loaded router [ /convert/shortToLong ] method:[ post ]
[2022-08-26T10:00:22.093] [INFO] default - server is created! port:8887
[2022-08-26T10:00:22.114] [ERROR] default - Pipe8887 is already in use
[2022-08-26T10:01:50.579] [INFO] default - starting load routers: [ urlConvert ]title:  长短连接转换API接口集合 api count:[ 2 ]
[2022-08-26T10:01:50.593] [INFO] default - loaded router [ /convert/longToShort ] method:[ post ]
[2022-08-26T10:01:50.597] [INFO] default - loaded router [ /convert/shortToLong ] method:[ post ]
[2022-08-26T10:01:50.599] [INFO] default - server is created! port:8887
[2022-08-26T10:01:50.630] [ERROR] default - Pipe8887 is already in use
[2022-08-26T10:02:13.038] [INFO] default - starting load routers: [ urlConvert ]title:  长短连接转换API接口集合 api count:[ 2 ]
[2022-08-26T10:02:13.054] [INFO] default - loaded router [ /convert/longToShort ] method:[ post ]
[2022-08-26T10:02:13.058] [INFO] default - loaded router [ /convert/shortToLong ] method:[ post ]
[2022-08-26T10:02:13.060] [INFO] default - server is created! port:8887
[2022-08-26T10:02:13.091] [ERROR] default - Pipe8887 is already in use
[2022-08-26T10:06:44.100] [INFO] default - starting load routers: [ urlConvert ]title:  长短连接转换API接口集合 api count:[ 2 ]
[2022-08-26T10:06:44.109] [INFO] default - loaded router [ /convert/longToShort ] method:[ post ]
[2022-08-26T10:06:44.111] [INFO] default - loaded router [ /convert/shortToLong ] method:[ post ]
[2022-08-26T10:06:44.113] [INFO] default - server is created! port:8887
[2022-08-26T10:06:44.133] [DEBUG] default - Listening on port 8887
[2022-08-26T10:06:54.141] [INFO] default - starting load routers: [ urlConvert ]title:  长短连接转换API接口集合 api count:[ 2 ]
[2022-08-26T10:06:54.149] [INFO] default - loaded router [ /convert/longToShort ] method:[ post ]
[2022-08-26T10:06:54.151] [INFO] default - loaded router [ /convert/shortToLong ] method:[ post ]
[2022-08-26T10:06:54.152] [INFO] default - server is created! port:8887
[2022-08-26T10:06:54.171] [ERROR] default - Pipe8887 is already in use
[2022-08-26T10:07:19.741] [INFO] default - starting load routers: [ urlConvert ]title:  长短连接转换API接口集合 api count:[ 2 ]
[2022-08-26T10:07:19.749] [INFO] default - loaded router [ /convert/longToShort ] method:[ post ]
[2022-08-26T10:07:19.751] [INFO] default - loaded router [ /convert/shortToLong ] method:[ post ]
[2022-08-26T10:07:19.752] [INFO] default - server is created! port:8887
[2022-08-26T10:07:19.771] [ERROR] default - Pipe8887 is already in use
[2022-08-26T10:12:20.384] [INFO] default - starting load routers: [ urlConvert ]title:  长短连接转换API接口集合 api count:[ 2 ]
[2022-08-26T10:12:20.394] [INFO] default - loaded router [ /convert/longToShort ] method:[ post ]
[2022-08-26T10:12:20.397] [INFO] default - loaded router [ /convert/shortToLong ] method:[ post ]
[2022-08-26T10:12:20.398] [INFO] default - server is created! port:8887
[2022-08-26T10:12:20.422] [ERROR] default - Pipe8887 is already in use
[2022-08-26T10:12:41.043] [INFO] default - starting load routers: [ urlConvert ]title:  长短连接转换API接口集合 api count:[ 2 ]
[2022-08-26T10:12:41.051] [INFO] default - loaded router [ /convert/longToShort ] method:[ post ]
[2022-08-26T10:12:41.053] [INFO] default - loaded router [ /convert/shortToLong ] method:[ post ]
[2022-08-26T10:12:41.054] [INFO] default - server is created! port:8887
[2022-08-26T10:12:41.075] [ERROR] default - Pipe8887 is already in use
[2022-08-26T10:19:15.496] [INFO] default - starting load routers: [ urlConvert ]title:  长短连接转换API接口集合 api count:[ 2 ]
[2022-08-26T10:19:15.504] [INFO] default - loaded router [ /convert/longToShort ] method:[ post ]
[2022-08-26T10:19:15.506] [INFO] default - loaded router [ /convert/shortToLong ] method:[ post ]
[2022-08-26T10:19:15.507] [INFO] default - server is created! port:8887
[2022-08-26T10:19:15.528] [ERROR] default - Pipe8887 is already in use
[2022-08-26T10:19:54.867] [INFO] default - starting load routers: [ urlConvert ]title:  长短连接转换API接口集合 api count:[ 2 ]
[2022-08-26T10:19:54.876] [INFO] default - loaded router [ /convert/longToShort ] method:[ post ]
[2022-08-26T10:19:54.879] [INFO] default - loaded router [ /convert/shortToLong ] method:[ post ]
[2022-08-26T10:19:54.880] [INFO] default - server is created! port:8887
[2022-08-26T10:19:54.902] [DEBUG] default - Listening on port 8887
[2022-08-26T10:20:00.534] [INFO] default - starting load routers: [ urlConvert ]title:  长短连接转换API接口集合 api count:[ 2 ]
[2022-08-26T10:20:00.577] [INFO] default - loaded router [ /convert/longToShort ] method:[ post ]
[2022-08-26T10:20:00.579] [INFO] default - loaded router [ /convert/shortToLong ] method:[ post ]
[2022-08-26T10:20:00.580] [INFO] default - server is created! port:8887
[2022-08-26T10:20:00.601] [ERROR] default - Pipe8887 is already in use
[2022-08-26T10:20:41.802] [INFO] default - starting load routers: [ urlConvert ]title:  长短连接转换API接口集合 api count:[ 2 ]
[2022-08-26T10:20:41.812] [INFO] default - loaded router [ /convert/longToShort ] method:[ post ]
[2022-08-26T10:20:41.814] [INFO] default - loaded router [ /convert/shortToLong ] method:[ post ]
[2022-08-26T10:20:41.815] [INFO] default - server is created! port:8887
[2022-08-26T10:20:41.836] [DEBUG] default - Listening on port 8887
[2022-08-26T10:20:47.155] [INFO] default - starting load routers: [ urlConvert ]title:  长短连接转换API接口集合 api count:[ 2 ]
[2022-08-26T10:20:47.185] [INFO] default - loaded router [ /convert/longToShort ] method:[ post ]
[2022-08-26T10:20:47.187] [INFO] default - loaded router [ /convert/shortToLong ] method:[ post ]
[2022-08-26T10:20:47.188] [INFO] default - server is created! port:8887
[2022-08-26T10:20:47.208] [ERROR] default - Pipe8887 is already in use
[2022-08-26T10:25:46.872] [INFO] default - starting load routers: [ urlConvert ]title:  长短连接转换API接口集合 api count:[ 2 ]
[2022-08-26T10:25:46.881] [INFO] default - loaded router [ /convert/longToShort ] method:[ post ]
[2022-08-26T10:25:46.884] [INFO] default - loaded router [ /convert/shortToLong ] method:[ post ]
[2022-08-26T10:25:46.885] [INFO] default - server is created! port:8887
[2022-08-26T10:25:46.907] [DEBUG] default - Listening on port 8887
[2022-08-26T10:25:53.321] [INFO] default - starting load routers: [ urlConvert ]title:  长短连接转换API接口集合 api count:[ 2 ]
[2022-08-26T10:25:53.415] [INFO] default - loaded router [ /convert/longToShort ] method:[ post ]
[2022-08-26T10:25:53.418] [INFO] default - loaded router [ /convert/shortToLong ] method:[ post ]
[2022-08-26T10:25:53.419] [INFO] default - server is created! port:8887
[2022-08-26T10:25:53.440] [ERROR] default - Pipe8887 is already in use
[2022-08-26T10:26:36.106] [INFO] default - starting load routers: [ urlConvert ]title:  长短连接转换API接口集合 api count:[ 2 ]
[2022-08-26T10:26:36.115] [INFO] default - loaded router [ /convert/longToShort ] method:[ post ]
[2022-08-26T10:26:36.117] [INFO] default - loaded router [ /convert/shortToLong ] method:[ post ]
[2022-08-26T10:26:36.118] [INFO] default - server is created! port:8887
[2022-08-26T10:26:36.139] [ERROR] default - Pipe8887 is already in use
[2022-08-26T10:27:07.979] [INFO] default - starting load routers: [ urlConvert ]title:  长短连接转换API接口集合 api count:[ 2 ]
[2022-08-26T10:27:07.989] [INFO] default - loaded router [ /convert/longToShort ] method:[ post ]
[2022-08-26T10:27:07.991] [INFO] default - loaded router [ /convert/shortToLong ] method:[ post ]
[2022-08-26T10:27:07.993] [INFO] default - server is created! port:8887
[2022-08-26T10:27:08.014] [ERROR] default - Pipe8887 is already in use
[2022-08-26T10:27:16.785] [INFO] default - starting load routers: [ urlConvert ]title:  长短连接转换API接口集合 api count:[ 2 ]
[2022-08-26T10:27:16.794] [INFO] default - loaded router [ /convert/longToShort ] method:[ post ]
[2022-08-26T10:27:16.796] [INFO] default - loaded router [ /convert/shortToLong ] method:[ post ]
[2022-08-26T10:27:16.798] [INFO] default - server is created! port:8887
[2022-08-26T10:27:16.819] [DEBUG] default - Listening on port 8887
[2022-08-26T10:28:52.984] [INFO] default - starting load routers: [ urlConvert ]title:  长短连接转换API接口集合 api count:[ 2 ]
[2022-08-26T10:28:53.015] [INFO] default - loaded router [ /convert/longToShort ] method:[ post ]
[2022-08-26T10:28:53.017] [INFO] default - loaded router [ /convert/shortToLong ] method:[ post ]
[2022-08-26T10:28:53.018] [INFO] default - server is created! port:8887
[2022-08-26T10:28:53.039] [ERROR] default - Pipe8887 is already in use
[2022-08-26T10:29:16.973] [INFO] default - starting load routers: [ urlConvert ]title:  长短连接转换API接口集合 api count:[ 2 ]
[2022-08-26T10:29:16.982] [INFO] default - loaded router [ /convert/longToShort ] method:[ post ]
[2022-08-26T10:29:16.984] [INFO] default - loaded router [ /convert/shortToLong ] method:[ post ]
[2022-08-26T10:29:16.985] [INFO] default - server is created! port:8887
[2022-08-26T10:29:17.006] [ERROR] default - Pipe8887 is already in use
[2022-08-26T10:29:39.138] [INFO] default - starting load routers: [ urlConvert ]title:  长短连接转换API接口集合 api count:[ 2 ]
[2022-08-26T10:29:39.147] [INFO] default - loaded router [ /convert/longToShort ] method:[ post ]
[2022-08-26T10:29:39.149] [INFO] default - loaded router [ /convert/shortToLong ] method:[ post ]
[2022-08-26T10:29:39.150] [INFO] default - server is created! port:8887
[2022-08-26T10:29:39.172] [ERROR] default - Pipe8887 is already in use
[2022-08-26T10:34:33.744] [INFO] default - starting load routers: [ urlConvert ]title:  长短连接转换API接口集合 api count:[ 2 ]
[2022-08-26T10:34:33.752] [INFO] default - loaded router [ /convert/longToShort ] method:[ post ]
[2022-08-26T10:34:33.754] [INFO] default - loaded router [ /convert/shortToLong ] method:[ post ]
[2022-08-26T10:34:33.756] [INFO] default - server is created! port:8887
[2022-08-26T10:34:33.776] [ERROR] default - Pipe8887 is already in use
[2022-08-26T10:34:54.268] [INFO] default - starting load routers: [ urlConvert ]title:  长短连接转换API接口集合 api count:[ 2 ]
[2022-08-26T10:34:54.276] [INFO] default - loaded router [ /convert/longToShort ] method:[ post ]
[2022-08-26T10:34:54.278] [INFO] default - loaded router [ /convert/shortToLong ] method:[ post ]
[2022-08-26T10:34:54.280] [INFO] default - server is created! port:8887
[2022-08-26T10:34:54.300] [ERROR] default - Pipe8887 is already in use
[2022-08-26T10:36:15.008] [INFO] default - starting load routers: [ urlConvert ]title:  长短连接转换API接口集合 api count:[ 2 ]
[2022-08-26T10:36:15.017] [INFO] default - loaded router [ /convert/longToShort ] method:[ post ]
[2022-08-26T10:36:15.019] [INFO] default - loaded router [ /convert/shortToLong ] method:[ post ]
[2022-08-26T10:36:15.020] [INFO] default - server is created! port:8887
[2022-08-26T10:36:15.041] [ERROR] default - Pipe8887 is already in use
[2022-08-26T10:37:54.439] [INFO] default - starting load routers: [ urlConvert ]title:  长短连接转换API接口集合 api count:[ 2 ]
[2022-08-26T10:37:54.450] [INFO] default - loaded router [ /convert/longToShort ] method:[ post ]
[2022-08-26T10:37:54.453] [INFO] default - loaded router [ /convert/shortToLong ] method:[ post ]
[2022-08-26T10:37:54.454] [INFO] default - server is created! port:8887
[2022-08-26T10:37:54.480] [ERROR] default - Pipe8887 is already in use
[2022-08-26T10:38:08.485] [INFO] default - starting load routers: [ urlConvert ]title:  长短连接转换API接口集合 api count:[ 2 ]
[2022-08-26T10:38:08.494] [INFO] default - loaded router [ /convert/longToShort ] method:[ post ]
[2022-08-26T10:38:08.496] [INFO] default - loaded router [ /convert/shortToLong ] method:[ post ]
[2022-08-26T10:38:08.497] [INFO] default - server is created! port:8887
[2022-08-26T10:38:08.518] [ERROR] default - Pipe8887 is already in use
[2022-08-26T10:39:13.988] [INFO] default - starting load routers: [ urlConvert ]title:  长短连接转换API接口集合 api count:[ 2 ]
[2022-08-26T10:39:13.997] [INFO] default - loaded router [ /convert/longToShort ] method:[ post ]
[2022-08-26T10:39:13.999] [INFO] default - loaded router [ /convert/shortToLong ] method:[ post ]
[2022-08-26T10:39:14.001] [INFO] default - server is created! port:8887
[2022-08-26T10:39:14.022] [ERROR] default - Pipe8887 is already in use
[2022-08-26T10:48:20.833] [INFO] default - starting load routers: [ urlConvert ]title:  长短连接转换API接口集合 api count:[ 2 ]
[2022-08-26T10:48:20.838] [INFO] default - loaded router [ /convert/longToShort ] method:[ post ]
[2022-08-26T10:48:20.840] [INFO] default - loaded router [ /convert/shortToLong ] method:[ post ]
[2022-08-26T10:48:20.842] [INFO] default - server is created! port:8887
[2022-08-26T10:48:20.869] [ERROR] default - Pipe8887 is already in use
[2022-08-26T10:49:01.773] [INFO] default - starting load routers: [ urlConvert ]title:  长短连接转换API接口集合 api count:[ 2 ]
[2022-08-26T10:49:01.779] [INFO] default - loaded router [ /convert/longToShort ] method:[ post ]
[2022-08-26T10:49:01.781] [INFO] default - loaded router [ /convert/shortToLong ] method:[ post ]
[2022-08-26T10:49:01.782] [INFO] default - server is created! port:8887
[2022-08-26T10:49:01.802] [ERROR] default - Pipe8887 is already in use
[2022-08-26T10:53:04.518] [INFO] default - starting load routers: [ urlConvert ]title:  长短连接转换API接口集合 api count:[ 2 ]
[2022-08-26T10:53:04.523] [INFO] default - loaded router [ /convert/longToShort ] method:[ post ]
[2022-08-26T10:53:04.525] [INFO] default - loaded router [ /convert/shortToLong ] method:[ post ]
[2022-08-26T10:53:04.526] [INFO] default - server is created! port:8887
[2022-08-26T10:53:04.546] [ERROR] default - Pipe8887 is already in use
[2022-08-26T10:54:35.091] [INFO] default - starting load routers: [ urlConvert ]title:  长短连接转换API接口集合 api count:[ 2 ]
[2022-08-26T10:54:35.096] [INFO] default - loaded router [ /convert/longToShort ] method:[ post ]
[2022-08-26T10:54:35.098] [INFO] default - loaded router [ /convert/shortToLong ] method:[ post ]
[2022-08-26T10:54:35.099] [INFO] default - server is created! port:8887
[2022-08-26T10:54:35.121] [ERROR] default - Pipe8887 is already in use
[2022-08-26T10:56:11.501] [INFO] default - starting load routers: [ urlConvert ]title:  长短连接转换API接口集合 api count:[ 2 ]
[2022-08-26T10:56:11.506] [INFO] default - loaded router [ /convert/longToShort ] method:[ post ]
[2022-08-26T10:56:11.508] [INFO] default - loaded router [ /convert/shortToLong ] method:[ post ]
[2022-08-26T10:56:11.509] [INFO] default - server is created! port:8887
[2022-08-26T10:56:11.530] [ERROR] default - Pipe8887 is already in use
[2022-08-26T10:56:11.685] [ERROR] default - Request Error: 该短域名无效，请先调用/convert/longToShort接口生成短域名
[2022-08-26T10:56:56.828] [INFO] default - starting load routers: [ urlConvert ]title:  长短连接转换API接口集合 api count:[ 2 ]
[2022-08-26T10:56:56.833] [INFO] default - loaded router [ /convert/longToShort ] method:[ post ]
[2022-08-26T10:56:56.835] [INFO] default - loaded router [ /convert/shortToLong ] method:[ post ]
[2022-08-26T10:56:56.836] [INFO] default - server is created! port:8887
[2022-08-26T10:56:56.856] [ERROR] default - Pipe8887 is already in use
[2022-08-26T10:57:21.132] [INFO] default - starting load routers: [ urlConvert ]title:  长短连接转换API接口集合 api count:[ 2 ]
[2022-08-26T10:57:21.138] [INFO] default - loaded router [ /convert/longToShort ] method:[ post ]
[2022-08-26T10:57:21.140] [INFO] default - loaded router [ /convert/shortToLong ] method:[ post ]
[2022-08-26T10:57:21.141] [INFO] default - server is created! port:8887
[2022-08-26T10:57:21.160] [ERROR] default - Pipe8887 is already in use
[2022-08-26T10:58:27.209] [INFO] default - starting load routers: [ urlConvert ]title:  长短连接转换API接口集合 api count:[ 2 ]
[2022-08-26T10:58:27.215] [INFO] default - loaded router [ /convert/longToShort ] method:[ post ]
[2022-08-26T10:58:27.217] [INFO] default - loaded router [ /convert/shortToLong ] method:[ post ]
[2022-08-26T10:58:27.219] [INFO] default - server is created! port:8887
[2022-08-26T10:58:27.243] [ERROR] default - Pipe8887 is already in use
[2022-08-26T10:58:27.397] [ERROR] default - Request Error: 该短域名无效，请先调用/convert/longToShort接口生成短域名
[2022-08-26T10:58:53.035] [INFO] default - starting load routers: [ urlConvert ]title:  长短连接转换API接口集合 api count:[ 2 ]
[2022-08-26T10:58:53.040] [INFO] default - loaded router [ /convert/longToShort ] method:[ post ]
[2022-08-26T10:58:53.042] [INFO] default - loaded router [ /convert/shortToLong ] method:[ post ]
[2022-08-26T10:58:53.043] [INFO] default - server is created! port:8887
[2022-08-26T10:58:53.064] [ERROR] default - Pipe8887 is already in use
[2022-08-26T10:58:53.208] [ERROR] default - Request Error: 该短域名无效，请先调用/convert/longToShort接口生成短域名
[2022-08-26T11:03:14.459] [INFO] default - starting load routers: [ urlConvert ]title:  长短连接转换API接口集合 api count:[ 2 ]
[2022-08-26T11:03:14.777] [INFO] default - loaded router [ /convert/longToShort ] method:[ post ]
[2022-08-26T11:03:14.860] [INFO] default - loaded router [ /convert/shortToLong ] method:[ post ]
[2022-08-26T11:03:14.861] [INFO] default - server is created! port:8887
[2022-08-26T11:03:14.883] [ERROR] default - Pipe8887 is already in use
[2022-08-26T11:03:15.287] [ERROR] default - Request Error: 该短域名无效，请先调用/convert/longToShort接口生成短域名
[2022-08-26T11:03:15.305] [ERROR] default - Request Error: 该短域名无效，请先调用/convert/longToShort接口生成短域名
[2022-08-26T11:10:34.153] [INFO] default - starting load routers: [ urlConvert ]title:  长短连接转换API接口集合 api count:[ 2 ]
[2022-08-26T11:10:34.647] [INFO] default - loaded router [ /convert/longToShort ] method:[ post ]
[2022-08-26T11:10:34.968] [INFO] default - loaded router [ /convert/shortToLong ] method:[ post ]
[2022-08-26T11:10:34.969] [INFO] default - server is created! port:8887
[2022-08-26T11:10:34.987] [ERROR] default - Pipe8887 is already in use
[2022-08-26T11:18:36.660] [ERROR] default - Request Error: 该短域名无效，请先调用/convert/longToShort接口生成短域名
