#
# There is insufficient memory for the Java Runtime Environment to continue.
# Native memory allocation (malloc) failed to allocate 1343904 bytes for Chunk::new
# Possible reasons:
#   The system is out of physical RAM or swap space
#   The process is running with CompressedOops enabled, and the Java Heap may be blocking the growth of the native heap
# Possible solutions:
#   Reduce memory load on the system
#   Increase physical memory or swap space
#   Check if swap backing store is full
#   Decrease Java heap size (-Xmx/-Xms)
#   Decrease number of Java threads
#   Decrease Java thread stack sizes (-Xss)
#   Set larger code cache with -XX:ReservedCodeCacheSize=
#   JVM is running with Zero Based Compressed Oops mode in which the Java heap is
#     placed in the first 32GB address space. The Java Heap base address is the
#     maximum limit for the native heap growth. Please use -XX:HeapBaseMinAddress
#     to set the Java Heap base and to place the Java Heap above 32GB virtual address.
# This output file may be truncated or incomplete.
#
#  Out of Memory Error (allocation.cpp:389), pid=99272, tid=0x0000000000019114
#
# JRE version: Java(TM) SE Runtime Environment (8.0_202-b08) (build 1.8.0_202-b08)
# Java VM: Java HotSpot(TM) 64-Bit Server VM (25.202-b08 mixed mode windows-amd64 compressed oops)
# Failed to write core dump. Minidumps are not enabled by default on client versions of Windows
#

---------------  T H R E A D  ---------------

Current thread (0x000000001dfae000):  JavaThread "C2 CompilerThread1" daemon [_thread_in_native, id=102676, stack(0x000000001f6f0000,0x000000001f7f0000)]

Stack: [0x000000001f6f0000,0x000000001f7f0000]
[error occurred during error reporting (printing stack bounds), id 0xc0000005]

Native frames: (J=compiled Java code, j=interpreted, Vv=VM code, C=native code)


Current CompileTask:
C2:   3782 3156   !   4       com.sun.beans.TypeResolver::resolve (274 bytes)


---------------  P R O C E S S  ---------------

Java Threads: ( => current thread )
  0x000000001e051800 JavaThread "Service Thread" daemon [_thread_blocked, id=102540, stack(0x000000001f9f0000,0x000000001faf0000)]
  0x000000001dfb0000 JavaThread "C1 CompilerThread3" daemon [_thread_blocked, id=28432, stack(0x000000001f8f0000,0x000000001f9f0000)]
  0x000000001dfaf000 JavaThread "C2 CompilerThread2" daemon [_thread_in_native, id=102504, stack(0x000000001f7f0000,0x000000001f8f0000)]
=>0x000000001dfae000 JavaThread "C2 CompilerThread1" daemon [_thread_in_native, id=102676, stack(0x000000001f6f0000,0x000000001f7f0000)]
  0x000000001dfab000 JavaThread "C2 CompilerThread0" daemon [_thread_in_native, id=102244, stack(0x000000001f5f0000,0x000000001f6f0000)]
  0x000000001dfa7000 JavaThread "Monitor Ctrl-Break" daemon [_thread_in_native, id=100968, stack(0x000000001f4f0000,0x000000001f5f0000)]
  0x000000001df32000 JavaThread "Attach Listener" daemon [_thread_blocked, id=94088, stack(0x000000001f3e0000,0x000000001f4e0000)]
  0x000000001df8d000 JavaThread "Signal Dispatcher" daemon [_thread_blocked, id=101280, stack(0x000000001f2e0000,0x000000001f3e0000)]
  0x000000001c844800 JavaThread "Finalizer" daemon [_thread_blocked, id=19136, stack(0x000000001f170000,0x000000001f270000)]
  0x000000001df13000 JavaThread "Reference Handler" daemon [_thread_blocked, id=98736, stack(0x000000001f070000,0x000000001f170000)]
  0x000000000286e000 JavaThread "main" [_thread_in_Java, id=100944, stack(0x0000000002870000,0x0000000002970000)]

Other Threads:
  0x000000001def2000 VMThread [stack: 0x000000001ef70000,0x000000001f070000] [id=99028]
  0x000000001e0bf800 WatcherThread [stack: 0x000000001faf0000,0x000000001fbf0000] [id=77424]

VM state:not at safepoint (normal execution)

VM Mutex/Monitor currently owned by a thread: None

heap address: 0x00000006c2000000, size: 4064 MB, Compressed Oops mode: Zero based, Oop shift amount: 3
Narrow klass base: 0x0000000000000000, Narrow klass shift: 3
Compressed class space size: 1073741824 Address: 0x00000007c0000000

Heap:
 PSYoungGen      total 202240K, used 6935K [0x000000076b580000, 0x0000000778800000, 0x00000007c0000000)
  eden space 192512K, 3% used [0x000000076b580000,0x000000076bc45fc8,0x0000000777180000)
  from space 9728K, 0% used [0x0000000777e80000,0x0000000777e80000,0x0000000778800000)
  to   space 10752K, 0% used [0x0000000777300000,0x0000000777300000,0x0000000777d80000)
 ParOldGen       total 105472K, used 13959K [0x00000006c2000000, 0x00000006c8700000, 0x000000076b580000)
  object space 105472K, 13% used [0x00000006c2000000,0x00000006c2da1ea0,0x00000006c8700000)
 Metaspace       used 32963K, capacity 35794K, committed 35968K, reserved 1081344K
  class space    used 4475K, capacity 4961K, committed 4992K, reserved 1048576K

Card table byte_map: [0x0000000011fc0000,0x00000000127c0000] byte_map_base: 0x000000000e9b0000

Marking Bits: (ParMarkBitMap*) 0x0000000057e05ce0
 Begin Bits: [0x0000000013710000, 0x0000000017690000)
 End Bits:   [0x0000000017690000, 0x000000001b610000)

Polling page: 0x0000000000700000

CodeCache: size=245760Kb used=11542Kb max_used=11542Kb free=234217Kb
 bounds [0x0000000002c00000, 0x0000000003750000, 0x0000000011c00000]
 total_blobs=3620 nmethods=3211 adapters=321
 compilation: enabled

Compilation events (10 events):
Event: 3.660 Thread 0x000000001dfb0000 3214       3       sun.misc.ProxyGenerator::access$1800 (7 bytes)
Event: 3.660 Thread 0x000000001dfb0000 nmethod 3214 0x000000000372a5d0 code [0x000000000372a740, 0x000000000372a8a8]
Event: 3.660 Thread 0x000000001dfb0000 3215       3       sun.misc.ProxyGenerator$FieldInfo::write (50 bytes)
Event: 3.661 Thread 0x000000001dfb0000 nmethod 3215 0x0000000003728990 code [0x0000000003728c20, 0x0000000003729dd8]
Event: 3.661 Thread 0x000000001dfb0000 3210       3       sun.misc.ProxyGenerator$ProxyMethod::codeUnwrapReturnValue (213 bytes)
Event: 3.663 Thread 0x000000001dfb0000 nmethod 3210 0x000000000373d390 code [0x000000000373d980, 0x0000000003741698]
Event: 3.663 Thread 0x000000001dfb0000 3211       3       sun.misc.ProxyGenerator::computeUniqueCatchList (163 bytes)
Event: 3.665 Thread 0x000000001dfb0000 nmethod 3211 0x0000000003743b90 code [0x0000000003743ee0, 0x0000000003745d28]
Event: 3.767 Thread 0x000000001dfb0000 3216       1       org.mockito.internal.configuration.plugins.PluginRegistry::getMockResolvers (5 bytes)
Event: 3.767 Thread 0x000000001dfb0000 nmethod 3216 0x00000000037286d0 code [0x0000000003728820, 0x0000000003728930]

GC Heap History (10 events):
Event: 1.650 GC heap before
{Heap before GC invocations=2 (full 0):
 PSYoungGen      total 75776K, used 62466K [0x000000076b580000, 0x0000000774980000, 0x00000007c0000000)
  eden space 65024K, 82% used [0x000000076b580000,0x000000076ea11d68,0x000000076f500000)
  from space 10752K, 80% used [0x000000076f500000,0x000000076fd6eb38,0x000000076ff80000)
  to   space 10752K, 0% used [0x0000000773f00000,0x0000000773f00000,0x0000000774980000)
 ParOldGen       total 173568K, used 88K [0x00000006c2000000, 0x00000006cc980000, 0x000000076b580000)
  object space 173568K, 0% used [0x00000006c2000000,0x00000006c2016010,0x00000006cc980000)
 Metaspace       used 19706K, capacity 21228K, committed 21296K, reserved 1067008K
  class space    used 2580K, capacity 2882K, committed 2944K, reserved 1048576K
Event: 1.668 GC heap after
Heap after GC invocations=2 (full 0):
 PSYoungGen      total 140800K, used 9411K [0x000000076b580000, 0x0000000774980000, 0x00000007c0000000)
  eden space 130048K, 0% used [0x000000076b580000,0x000000076b580000,0x0000000773480000)
  from space 10752K, 87% used [0x0000000773f00000,0x0000000774830cd8,0x0000000774980000)
  to   space 10752K, 0% used [0x0000000773480000,0x0000000773480000,0x0000000773f00000)
 ParOldGen       total 173568K, used 96K [0x00000006c2000000, 0x00000006cc980000, 0x000000076b580000)
  object space 173568K, 0% used [0x00000006c2000000,0x00000006c2018010,0x00000006cc980000)
 Metaspace       used 19706K, capacity 21228K, committed 21296K, reserved 1067008K
  class space    used 2580K, capacity 2882K, committed 2944K, reserved 1048576K
}
Event: 1.668 GC heap before
{Heap before GC invocations=3 (full 1):
 PSYoungGen      total 140800K, used 9411K [0x000000076b580000, 0x0000000774980000, 0x00000007c0000000)
  eden space 130048K, 0% used [0x000000076b580000,0x000000076b580000,0x0000000773480000)
  from space 10752K, 87% used [0x0000000773f00000,0x0000000774830cd8,0x0000000774980000)
  to   space 10752K, 0% used [0x0000000773480000,0x0000000773480000,0x0000000773f00000)
 ParOldGen       total 173568K, used 96K [0x00000006c2000000, 0x00000006cc980000, 0x000000076b580000)
  object space 173568K, 0% used [0x00000006c2000000,0x00000006c2018010,0x00000006cc980000)
 Metaspace       used 19706K, capacity 21228K, committed 21296K, reserved 1067008K
  class space    used 2580K, capacity 2882K, committed 2944K, reserved 1048576K
Event: 1.695 GC heap after
Heap after GC invocations=3 (full 1):
 PSYoungGen      total 140800K, used 0K [0x000000076b580000, 0x0000000774980000, 0x00000007c0000000)
  eden space 130048K, 0% used [0x000000076b580000,0x000000076b580000,0x0000000773480000)
  from space 10752K, 0% used [0x0000000773f00000,0x0000000773f00000,0x0000000774980000)
  to   space 10752K, 0% used [0x0000000773480000,0x0000000773480000,0x0000000773f00000)
 ParOldGen       total 105472K, used 8993K [0x00000006c2000000, 0x00000006c8700000, 0x000000076b580000)
  object space 105472K, 8% used [0x00000006c2000000,0x00000006c28c8600,0x00000006c8700000)
 Metaspace       used 19706K, capacity 21228K, committed 21296K, reserved 1067008K
  class space    used 2580K, capacity 2882K, committed 2944K, reserved 1048576K
}
Event: 2.891 GC heap before
{Heap before GC invocations=4 (full 1):
 PSYoungGen      total 140800K, used 130048K [0x000000076b580000, 0x0000000774980000, 0x00000007c0000000)
  eden space 130048K, 100% used [0x000000076b580000,0x0000000773480000,0x0000000773480000)
  from space 10752K, 0% used [0x0000000773f00000,0x0000000773f00000,0x0000000774980000)
  to   space 10752K, 0% used [0x0000000773480000,0x0000000773480000,0x0000000773f00000)
 ParOldGen       total 105472K, used 8993K [0x00000006c2000000, 0x00000006c8700000, 0x000000076b580000)
  object space 105472K, 8% used [0x00000006c2000000,0x00000006c28c8600,0x00000006c8700000)
 Metaspace       used 28628K, capacity 31100K, committed 31104K, reserved 1077248K
  class space    used 3810K, capacity 4222K, committed 4224K, reserved 1048576K
Event: 2.908 GC heap after
Heap after GC invocations=4 (full 1):
 PSYoungGen      total 140800K, used 10738K [0x000000076b580000, 0x0000000778900000, 0x00000007c0000000)
  eden space 130048K, 0% used [0x000000076b580000,0x000000076b580000,0x0000000773480000)
  from space 10752K, 99% used [0x0000000773480000,0x0000000773efcbe8,0x0000000773f00000)
  to   space 10752K, 0% used [0x0000000777e80000,0x0000000777e80000,0x0000000778900000)
 ParOldGen       total 105472K, used 10780K [0x00000006c2000000, 0x00000006c8700000, 0x000000076b580000)
  object space 105472K, 10% used [0x00000006c2000000,0x00000006c2a87058,0x00000006c8700000)
 Metaspace       used 28628K, capacity 31100K, committed 31104K, reserved 1077248K
  class space    used 3810K, capacity 4222K, committed 4224K, reserved 1048576K
}
Event: 3.680 GC heap before
{Heap before GC invocations=5 (full 1):
 PSYoungGen      total 140800K, used 129910K [0x000000076b580000, 0x0000000778900000, 0x00000007c0000000)
  eden space 130048K, 91% used [0x000000076b580000,0x00000007729e0fd0,0x0000000773480000)
  from space 10752K, 99% used [0x0000000773480000,0x0000000773efcbe8,0x0000000773f00000)
  to   space 10752K, 0% used [0x0000000777e80000,0x0000000777e80000,0x0000000778900000)
 ParOldGen       total 105472K, used 10780K [0x00000006c2000000, 0x00000006c8700000, 0x000000076b580000)
  object space 105472K, 10% used [0x00000006c2000000,0x00000006c2a87058,0x00000006c8700000)
 Metaspace       used 32547K, capacity 35292K, committed 35456K, reserved 1079296K
  class space    used 4410K, capacity 4886K, committed 4992K, reserved 1048576K
Event: 3.690 GC heap after
Heap after GC invocations=5 (full 1):
 PSYoungGen      total 202240K, used 9429K [0x000000076b580000, 0x0000000778800000, 0x00000007c0000000)
  eden space 192512K, 0% used [0x000000076b580000,0x000000076b580000,0x0000000777180000)
  from space 9728K, 96% used [0x0000000777e80000,0x00000007787b5608,0x0000000778800000)
  to   space 10752K, 0% used [0x0000000777300000,0x0000000777300000,0x0000000777d80000)
 ParOldGen       total 105472K, used 10788K [0x00000006c2000000, 0x00000006c8700000, 0x000000076b580000)
  object space 105472K, 10% used [0x00000006c2000000,0x00000006c2a89058,0x00000006c8700000)
 Metaspace       used 32547K, capacity 35292K, committed 35456K, reserved 1079296K
  class space    used 4410K, capacity 4886K, committed 4992K, reserved 1048576K
}
Event: 3.690 GC heap before
{Heap before GC invocations=6 (full 2):
 PSYoungGen      total 202240K, used 9429K [0x000000076b580000, 0x0000000778800000, 0x00000007c0000000)
  eden space 192512K, 0% used [0x000000076b580000,0x000000076b580000,0x0000000777180000)
  from space 9728K, 96% used [0x0000000777e80000,0x00000007787b5608,0x0000000778800000)
  to   space 10752K, 0% used [0x0000000777300000,0x0000000777300000,0x0000000777d80000)
 ParOldGen       total 105472K, used 10788K [0x00000006c2000000, 0x00000006c8700000, 0x000000076b580000)
  object space 105472K, 10% used [0x00000006c2000000,0x00000006c2a89058,0x00000006c8700000)
 Metaspace       used 32547K, capacity 35292K, committed 35456K, reserved 1079296K
  class space    used 4410K, capacity 4886K, committed 4992K, reserved 1048576K
Event: 3.736 GC heap after
Heap after GC invocations=6 (full 2):
 PSYoungGen      total 202240K, used 0K [0x000000076b580000, 0x0000000778800000, 0x00000007c0000000)
  eden space 192512K, 0% used [0x000000076b580000,0x000000076b580000,0x0000000777180000)
  from space 9728K, 0% used [0x0000000777e80000,0x0000000777e80000,0x0000000778800000)
  to   space 10752K, 0% used [0x0000000777300000,0x0000000777300000,0x0000000777d80000)
 ParOldGen       total 105472K, used 13959K [0x00000006c2000000, 0x00000006c8700000, 0x000000076b580000)
  object space 105472K, 13% used [0x00000006c2000000,0x00000006c2da1ea0,0x00000006c8700000)
 Metaspace       used 32547K, capacity 35292K, committed 35456K, reserved 1079296K
  class space    used 4410K, capacity 4886K, committed 4992K, reserved 1048576K
}

Deoptimization events (10 events):
Event: 2.717 Thread 0x000000000286e000 Uncommon trap: reason=unstable_if action=reinterpret pc=0x00000000032e3958 method=java.io.WinNTFileSystem.resolve(Ljava/lang/String;Ljava/lang/String;)Ljava/lang/String; @ 117
Event: 2.754 Thread 0x000000000286e000 Uncommon trap: reason=unstable_if action=reinterpret pc=0x00000000034b6198 method=org.springframework.beans.factory.support.AbstractAutowireCapableBeanFactory.predictBeanType(Ljava/lang/String;Lorg/springframework/beans/factory/support/RootBeanDefinition;
Event: 2.850 Thread 0x000000000286e000 Uncommon trap: reason=unstable_if action=reinterpret pc=0x0000000002fd7a9c method=java.lang.reflect.Method.equals(Ljava/lang/Object;)Z @ 49
Event: 2.860 Thread 0x000000000286e000 Uncommon trap: reason=unstable_if action=reinterpret pc=0x00000000032fc044 method=org.springframework.util.ConcurrentReferenceHashMap$Segment.findInChain(Lorg/springframework/util/ConcurrentReferenceHashMap$Reference;Ljava/lang/Object;I)Lorg/springframewo
Event: 3.097 Thread 0x000000000286e000 Uncommon trap: reason=unstable_if action=reinterpret pc=0x000000000356311c method=java.lang.Class$MethodArray.addIfNotPresent(Ljava/lang/reflect/Method;)V @ 19
Event: 3.117 Thread 0x000000000286e000 Uncommon trap: reason=unstable_if action=reinterpret pc=0x000000000348b3dc method=java.lang.invoke.MethodType.checkPtypes([Ljava/lang/Class;)I @ 40
Event: 3.379 Thread 0x000000000286e000 Uncommon trap: reason=unstable_if action=reinterpret pc=0x0000000003534e58 method=org.springframework.beans.factory.support.DefaultSingletonBeanRegistry.getSingleton(Ljava/lang/String;Z)Ljava/lang/Object; @ 39
Event: 3.459 Thread 0x000000000286e000 Uncommon trap: reason=unstable_if action=reinterpret pc=0x0000000003156518 method=org.springframework.util.ConcurrentReferenceHashMap$Segment.clear()V @ 7
Event: 3.501 Thread 0x000000000286e000 Uncommon trap: reason=unstable_if action=reinterpret pc=0x00000000032fcd54 method=java.util.LinkedHashMap.get(Ljava/lang/Object;)Ljava/lang/Object; @ 20
Event: 3.540 Thread 0x000000000286e000 Uncommon trap: reason=predicate action=maybe_recompile pc=0x000000000306dc2c method=java.lang.String.regionMatches(ZILjava/lang/String;II)Z @ 63

Classes redefined (0 events):
No events

Internal exceptions (10 events):
Event: 3.442 Thread 0x000000000286e000 Exception <a 'java/lang/ClassNotFoundException': org/springframework/web/context/ServletContextAwareCustomizer> (0x0000000771210848) thrown at [C:\re\workspace\8-2-build-windows-amd64-cygwin\jdk8u202\12323\hotspot\src\share\vm\classfile\systemDictionary.c
Event: 3.443 Thread 0x000000000286e000 Exception <a 'java/lang/ClassNotFoundException': org/springframework/beans/factory/AwareCustomizer> (0x000000077122f2a8) thrown at [C:\re\workspace\8-2-build-windows-amd64-cygwin\jdk8u202\12323\hotspot\src\share\vm\classfile\systemDictionary.cpp, line 210
Event: 3.443 Thread 0x000000000286e000 Exception <a 'java/lang/ClassNotFoundException': org/springframework/beans/factory/InitializingBeanCustomizer> (0x00000007712518c8) thrown at [C:\re\workspace\8-2-build-windows-amd64-cygwin\jdk8u202\12323\hotspot\src\share\vm\classfile\systemDictionary.cp
Event: 3.443 Thread 0x000000000286e000 Exception <a 'java/lang/ClassNotFoundException': org/springframework/beans/factory/DisposableBeanCustomizer> (0x0000000771272e58) thrown at [C:\re\workspace\8-2-build-windows-amd64-cygwin\jdk8u202\12323\hotspot\src\share\vm\classfile\systemDictionary.cpp,
Event: 3.445 Thread 0x000000000286e000 Exception <a 'java/lang/ClassNotFoundException': java/lang/ObjectCustomizer> (0x000000077129d230) thrown at [C:\re\workspace\8-2-build-windows-amd64-cygwin\jdk8u202\12323\hotspot\src\share\vm\classfile\systemDictionary.cpp, line 210]
Event: 3.445 Thread 0x000000000286e000 Exception <a 'java/lang/ClassNotFoundException': org/springframework/web/multipart/support/StandardServletMultipartResolverCustomizer> (0x00000007712ccb48) thrown at [C:\re\workspace\8-2-build-windows-amd64-cygwin\jdk8u202\12323\hotspot\src\share\vm\class
Event: 3.446 Thread 0x000000000286e000 Exception <a 'java/lang/ClassNotFoundException': org/springframework/web/multipart/MultipartResolverCustomizer> (0x00000007712f6070) thrown at [C:\re\workspace\8-2-build-windows-amd64-cygwin\jdk8u202\12323\hotspot\src\share\vm\classfile\systemDictionary.c
Event: 3.502 Thread 0x000000000286e000 Exception <a 'java/lang/ClassNotFoundException': java/lang/ObjectCustomizer> (0x00000007715c8b88) thrown at [C:\re\workspace\8-2-build-windows-amd64-cygwin\jdk8u202\12323\hotspot\src\share\vm\classfile\systemDictionary.cpp, line 210]
Event: 3.503 Thread 0x000000000286e000 Exception <a 'java/lang/ClassNotFoundException': com/sequoia/shortdomain/api/test/ShortDomainAPIServiceTestCustomizer> (0x00000007715f1458) thrown at [C:\re\workspace\8-2-build-windows-amd64-cygwin\jdk8u202\12323\hotspot\src\share\vm\classfile\systemDicti
Event: 3.553 Thread 0x000000000286e000 Exception <a 'java/lang/ClassNotFoundException': java/lang/Module> (0x00000007719efca0) thrown at [C:\re\workspace\8-2-build-windows-amd64-cygwin\jdk8u202\12323\hotspot\src\share\vm\classfile\systemDictionary.cpp, line 210]

Events (10 events):
Event: 3.768 loading class org/junit/jupiter/engine/descriptor/TestMethodTestDescriptor
Event: 3.768 loading class org/junit/jupiter/engine/descriptor/TestMethodTestDescriptor done
Event: 3.769 loading class org/junit/jupiter/api/extension/BeforeTestExecutionCallback
Event: 3.769 loading class org/junit/jupiter/api/extension/BeforeTestExecutionCallback done
Event: 3.769 loading class org/junit/jupiter/api/extension/BeforeTestExecutionCallback
Event: 3.769 loading class org/junit/jupiter/api/extension/BeforeTestExecutionCallback done
Event: 3.769 loading class org/junit/jupiter/engine/descriptor/TestMethodTestDescriptor$CallbackInvoker
Event: 3.769 loading class org/junit/jupiter/engine/descriptor/TestMethodTestDescriptor$CallbackInvoker done
Event: 3.769 loading class org/springframework/test/context/event/BeforeTestExecutionEvent
Event: 3.769 loading class org/springframework/test/context/event/BeforeTestExecutionEvent done


Dynamic libraries:
0x00007ff7dfc80000 - 0x00007ff7dfcb7000 	D:\Program Files\Java\jdk1.8.0_202\bin\java.exe
0x00007ff8c2080000 - 0x00007ff8c2270000 	C:\WINDOWS\SYSTEM32\ntdll.dll
0x00007ff8c08a0000 - 0x00007ff8c0952000 	C:\WINDOWS\System32\KERNEL32.DLL
0x00007ff8bf100000 - 0x00007ff8bf3a5000 	C:\WINDOWS\System32\KERNELBASE.dll
0x00007ff8c15e0000 - 0x00007ff8c1683000 	C:\WINDOWS\System32\ADVAPI32.dll
0x00007ff8c02f0000 - 0x00007ff8c038e000 	C:\WINDOWS\System32\msvcrt.dll
0x00007ff8c0390000 - 0x00007ff8c0427000 	C:\WINDOWS\System32\sechost.dll
0x00007ff8c04a0000 - 0x00007ff8c05bf000 	C:\WINDOWS\System32\RPCRT4.dll
0x00007ff8c0620000 - 0x00007ff8c07b4000 	C:\WINDOWS\System32\USER32.dll
0x00007ff8bff90000 - 0x00007ff8bffb1000 	C:\WINDOWS\System32\win32u.dll
0x00007ff8c16a0000 - 0x00007ff8c16c6000 	C:\WINDOWS\System32\GDI32.dll
0x00007ff8bfc90000 - 0x00007ff8bfe28000 	C:\WINDOWS\System32\gdi32full.dll
0x00007ff8c0090000 - 0x00007ff8c012e000 	C:\WINDOWS\System32\msvcp_win.dll
0x00007ff8bfe30000 - 0x00007ff8bff2a000 	C:\WINDOWS\System32\ucrtbase.dll
0x00007ff8a82b0000 - 0x00007ff8a8534000 	C:\WINDOWS\WinSxS\amd64_microsoft.windows.common-controls_6595b64144ccf1df_6.0.18362.1500_none_9e79be6de462295c\COMCTL32.dll
0x00007ff8c1120000 - 0x00007ff8c1456000 	C:\WINDOWS\System32\combase.dll
0x00007ff8bf070000 - 0x00007ff8bf0f1000 	C:\WINDOWS\System32\bcryptPrimitives.dll
0x00007ff8c09e0000 - 0x00007ff8c0a0e000 	C:\WINDOWS\System32\IMM32.DLL
0x00000000582f0000 - 0x00000000583c2000 	D:\Program Files\Java\jdk1.8.0_202\jre\bin\msvcr100.dll
0x00000000575e0000 - 0x0000000057e85000 	D:\Program Files\Java\jdk1.8.0_202\jre\bin\server\jvm.dll
0x00007ff8c0a10000 - 0x00007ff8c0a18000 	C:\WINDOWS\System32\PSAPI.DLL
0x00007ff8af9c0000 - 0x00007ff8af9c9000 	C:\WINDOWS\SYSTEM32\WSOCK32.dll
0x00007ff8b9b30000 - 0x00007ff8b9b3a000 	C:\WINDOWS\SYSTEM32\VERSION.dll
0x00007ff8bd0f0000 - 0x00007ff8bd114000 	C:\WINDOWS\SYSTEM32\WINMM.dll
0x00007ff8c10b0000 - 0x00007ff8c111f000 	C:\WINDOWS\System32\WS2_32.dll
0x00007ff8bd0c0000 - 0x00007ff8bd0ed000 	C:\WINDOWS\SYSTEM32\winmmbase.dll
0x00007ff8beff0000 - 0x00007ff8bf03a000 	C:\WINDOWS\System32\cfgmgr32.dll
0x00007ff8aefe0000 - 0x00007ff8aefef000 	D:\Program Files\Java\jdk1.8.0_202\jre\bin\verify.dll
0x00007ff8ac080000 - 0x00007ff8ac0a9000 	D:\Program Files\Java\jdk1.8.0_202\jre\bin\java.dll
0x00007ff8abaa0000 - 0x00007ff8abac3000 	D:\Program Files\Java\jdk1.8.0_202\jre\bin\instrument.dll
0x00007ff8ace30000 - 0x00007ff8ace46000 	D:\Program Files\Java\jdk1.8.0_202\jre\bin\zip.dll
0x00007ff8c17a0000 - 0x00007ff8c1e88000 	C:\WINDOWS\System32\SHELL32.dll
0x00007ff8c0ef0000 - 0x00007ff8c0f97000 	C:\WINDOWS\System32\shcore.dll
0x00007ff8bf3b0000 - 0x00007ff8bfb2b000 	C:\WINDOWS\System32\windows.storage.dll
0x00007ff8bef40000 - 0x00007ff8bef5e000 	C:\WINDOWS\System32\profapi.dll
0x00007ff8bef80000 - 0x00007ff8befca000 	C:\WINDOWS\System32\powrprof.dll
0x00007ff8bef30000 - 0x00007ff8bef40000 	C:\WINDOWS\System32\UMPDC.dll
0x00007ff8c0e90000 - 0x00007ff8c0ee2000 	C:\WINDOWS\System32\shlwapi.dll
0x00007ff8bef60000 - 0x00007ff8bef71000 	C:\WINDOWS\System32\kernel.appcore.dll
0x00007ff8c0070000 - 0x00007ff8c0087000 	C:\WINDOWS\System32\cryptsp.dll
0x00007ff8aacd0000 - 0x00007ff8aacea000 	D:\Program Files\JetBrains\IntelliJ IDEA 2020.2.3\bin\breakgen64.dll
0x00007ff8acb40000 - 0x00007ff8acb5a000 	D:\Program Files\Java\jdk1.8.0_202\jre\bin\net.dll
0x00007ff8b1680000 - 0x00007ff8b1857000 	C:\WINDOWS\SYSTEM32\urlmon.dll
0x00007ff8b0cc0000 - 0x00007ff8b0f67000 	C:\WINDOWS\SYSTEM32\iertutil.dll
0x00007ff8be8e0000 - 0x00007ff8be8ec000 	C:\WINDOWS\SYSTEM32\CRYPTBASE.DLL
0x00007ff8be710000 - 0x00007ff8be777000 	C:\WINDOWS\system32\mswsock.dll
0x00007ff8ac330000 - 0x00007ff8ac342000 	D:\Program Files\Java\jdk1.8.0_202\jre\bin\nio.dll
0x00007ff8acd60000 - 0x00007ff8acd6d000 	D:\Program Files\Java\jdk1.8.0_202\jre\bin\management.dll
0x00007ff8ae300000 - 0x00007ff8ae316000 	C:\WINDOWS\system32\napinsp.dll
0x00007ff8ae320000 - 0x00007ff8ae33a000 	C:\WINDOWS\system32\pnrpnsp.dll
0x00007ff8af850000 - 0x00007ff8af865000 	C:\WINDOWS\system32\wshbth.dll
0x00007ff8bb8a0000 - 0x00007ff8bb8bc000 	C:\WINDOWS\system32\NLAapi.dll
0x00007ff8be420000 - 0x00007ff8be45a000 	C:\WINDOWS\SYSTEM32\IPHLPAPI.DLL
0x00007ff8be460000 - 0x00007ff8be52b000 	C:\WINDOWS\SYSTEM32\DNSAPI.dll
0x00007ff8c1690000 - 0x00007ff8c1698000 	C:\WINDOWS\System32\NSI.dll
0x00007ff8af890000 - 0x00007ff8af89e000 	C:\WINDOWS\System32\winrnr.dll
0x00007ff8b8a30000 - 0x00007ff8b8a3a000 	C:\Windows\System32\rasadhlp.dll
0x00007ff8bb4c0000 - 0x00007ff8bb537000 	C:\WINDOWS\System32\fwpuclnt.dll
0x00007ff8bf040000 - 0x00007ff8bf066000 	C:\WINDOWS\System32\bcrypt.dll

VM Arguments:
jvm_args: -ea -Didea.test.cyclic.buffer.size=1048576 -javaagent:D:\Program Files\JetBrains\IntelliJ IDEA 2020.2.3\lib\idea_rt.jar=55527:D:\Program Files\JetBrains\IntelliJ IDEA 2020.2.3\bin -Dfile.encoding=UTF-8 
java_command: com.intellij.rt.junit.JUnitStarter -ideVersion5 -junit5 com.sequoia.shortdomain.api.test.ShortDomainAPIServiceTest,testGetShortDomainByLongDomain
java_class_path (initial): D:\Program Files\JetBrains\IntelliJ IDEA 2020.2.3\lib\idea_rt.jar;C:\Users\lei.chen_1\.m2\repository\org\junit\platform\junit-platform-launcher\1.7.2\junit-platform-launcher-1.7.2.jar;C:\Users\lei.chen_1\.m2\repository\org\apiguardian\apiguardian-api\1.1.0\apiguardian-api-1.1.0.jar;C:\Users\lei.chen_1\.m2\repository\org\junit\platform\junit-platform-engine\1.7.2\junit-platform-engine-1.7.2.jar;C:\Users\lei.chen_1\.m2\repository\org\opentest4j\opentest4j\1.2.0\opentest4j-1.2.0.jar;C:\Users\lei.chen_1\.m2\repository\org\junit\platform\junit-platform-commons\1.7.2\junit-platform-commons-1.7.2.jar;C:\Users\lei.chen_1\.m2\repository\org\junit\vintage\junit-vintage-engine\5.7.2\junit-vintage-engine-5.7.2.jar;C:\Users\lei.chen_1\.m2\repository\junit\junit\4.13\junit-4.13.jar;C:\Users\lei.chen_1\.m2\repository\org\hamcrest\hamcrest-core\1.3\hamcrest-core-1.3.jar;D:\Program Files\JetBrains\IntelliJ IDEA 2020.2.3\plugins\junit\lib\junit5-rt.jar;D:\Program Files\JetBrains\IntelliJ IDEA 2020.2.3\plugins\junit\lib\junit-rt.jar;D:\Program Files\Java\jdk1.8.0_202\jre\lib\charsets.jar;D:\Program Files\Java\jdk1.8.0_202\jre\lib\deploy.jar;D:\Program Files\Java\jdk1.8.0_202\jre\lib\ext\access-bridge-64.jar;D:\Program Files\Java\jdk1.8.0_202\jre\lib\ext\cldrdata.jar;D:\Program Files\Java\jdk1.8.0_202\jre\lib\ext\dnsns.jar;D:\Program Files\Java\jdk1.8.0_202\jre\lib\ext\jaccess.jar;D:\Program Files\Java\jdk1.8.0_202\jre\lib\ext\jfxrt.jar;D:\Program Files\Java\jdk1.8.0_202\jre\lib\ext\localedata.jar;D:\Program Files\Java\jdk1.8.0_202\jre\lib\ext\nashorn.jar;D:\Program Files\Java\jdk1.8.0_202\jre\lib\ext\sunec.jar;D:\Program Files\Java\jdk1.8.0_202\jre\lib\ext\sunjce_provider.jar;D:\Program Files\Java\jdk1.8.0_202\jre\lib\ext\sunmscapi.jar;D:\Program Files\Java\jdk1.8.0_202\jre\lib\ext\sunpkcs11.jar;D:\Program Files\Java\jdk1.8.0_202\jre\lib\ext\zipfs.jar;D:\Program Files\Java\jdk1.8.0_202\jre\lib\javaws.jar;D:\Program Files\Java\jdk1.8.0_202\jre\lib\jce.jar;D
Launcher Type: SUN_STANDARD

Environment Variables:
JAVA_HOME=D:\Program Files\Java\jdk1.8.0_202
PATH=C:\WINDOWS\system32;C:\WINDOWS;C:\WINDOWS\System32\Wbem;C:\WINDOWS\System32\WindowsPowerShell\v1.0\;C:\WINDOWS\System32\OpenSSH\;C:\Program Files\TortoiseSVN\bin;C:\Program Files\dotnet\;D:\Program Files\Java\jdk1.8.0_202\bin;C:\Users\lei.chen_1\AppData\Local\Microsoft\WindowsApps;
USERNAME=lei.chen_1
OS=Windows_NT
PROCESSOR_IDENTIFIER=Intel64 Family 6 Model 165 Stepping 3, GenuineIntel



---------------  S Y S T E M  ---------------

OS: Windows 10.0 , 64 bit Build 18362 (10.0.18362.1500)

CPU:total 12 (initial active 12) (6 cores per cpu, 2 threads per core) family 6 model 165 stepping 3, cmov, cx8, fxsr, mmx, sse, sse2, sse3, ssse3, sse4.1, sse4.2, popcnt, avx, avx2, aes, clmul, erms, 3dnowpref, lzcnt, ht, tsc, tscinvbit, bmi1, bmi2, adx

Memory: 4k page, physical 16638948k(3994884k free), swap 33160160k(5136k free)

vm_info: Java HotSpot(TM) 64-Bit Server VM (25.202-b08) for windows-amd64 JRE (1.8.0_202-b08), built on Dec 15 2018 19:54:30 by "java_re" with MS VC++ 10.0 (VS2010)

time: Tue Aug 03 13:52:04 2021
timezone: 中国标准时间
elapsed time: 3 seconds (0d 0h 0m 3s)

