2022-12-31 15:22:46 info: =================================
2022-12-31 15:22:46 info: ======= ENV: development =======
2022-12-31 15:22:46 info: 🚀 App listening on the port 3000
2022-12-31 15:22:46 info: =================================
2022-12-31 15:23:18 info: [0mGET / [32m200[0m 4.143 ms - 2[0m
2022-12-31 15:24:36 info: [0mGET /users [32m200[0m 1.741 ms - 478[0m
2022-12-31 15:36:43 info: =================================
2022-12-31 15:36:43 info: ======= ENV: development =======
2022-12-31 15:36:43 info: 🚀 App listening on the port 3000
2022-12-31 15:36:43 info: =================================
2022-12-31 15:37:06 info: =================================
2022-12-31 15:37:06 info: ======= ENV: development =======
2022-12-31 15:37:06 info: 🚀 App listening on the port 3000
2022-12-31 15:37:06 info: =================================
2022-12-31 15:39:04 info: =================================
2022-12-31 15:39:04 info: ======= ENV: development =======
2022-12-31 15:39:04 info: 🚀 App listening on the port 3000
2022-12-31 15:39:04 info: =================================
2022-12-31 15:51:00 info: =================================
2022-12-31 15:51:00 info: ======= ENV: development =======
2022-12-31 15:51:00 info: 🚀 App listening on the port 3000
2022-12-31 15:51:00 info: =================================
2022-12-31 15:51:04 info: =================================
2022-12-31 15:51:04 info: ======= ENV: development =======
2022-12-31 15:51:04 info: 🚀 App listening on the port 3000
2022-12-31 15:51:04 info: =================================
2022-12-31 15:51:11 info: =================================
2022-12-31 15:51:11 info: ======= ENV: development =======
2022-12-31 15:51:11 info: 🚀 App listening on the port 3000
2022-12-31 15:51:11 info: =================================
2022-12-31 15:51:35 info: =================================
2022-12-31 15:51:35 info: ======= ENV: development =======
2022-12-31 15:51:35 info: 🚀 App listening on the port 3000
2022-12-31 15:51:35 info: =================================
2022-12-31 15:51:45 info: =================================
2022-12-31 15:51:45 info: ======= ENV: development =======
2022-12-31 15:51:45 info: 🚀 App listening on the port 3000
2022-12-31 15:51:45 info: =================================
2022-12-31 15:51:50 info: =================================
2022-12-31 15:51:50 info: ======= ENV: development =======
2022-12-31 15:51:50 info: 🚀 App listening on the port 3000
2022-12-31 15:51:50 info: =================================
2022-12-31 15:51:54 info: =================================
2022-12-31 15:51:55 info: ======= ENV: development =======
2022-12-31 15:51:55 info: 🚀 App listening on the port 3000
2022-12-31 15:51:55 info: =================================
2022-12-31 15:52:02 info: =================================
2022-12-31 15:52:02 info: ======= ENV: development =======
2022-12-31 15:52:02 info: 🚀 App listening on the port 3000
2022-12-31 15:52:02 info: =================================
2022-12-31 15:59:05 info: =================================
2022-12-31 15:59:05 info: ======= ENV: development =======
2022-12-31 15:59:05 info: 🚀 App listening on the port 3000
2022-12-31 15:59:05 info: =================================
2022-12-31 16:13:20 info: =================================
2022-12-31 16:13:20 info: ======= ENV: development =======
2022-12-31 16:13:20 info: 🚀 App listening on the port 3000
2022-12-31 16:13:20 info: =================================
2022-12-31 16:13:23 info: =================================
2022-12-31 16:13:23 info: ======= ENV: development =======
2022-12-31 16:13:23 info: 🚀 App listening on the port 3000
2022-12-31 16:13:23 info: =================================
2022-12-31 16:15:39 info: =================================
2022-12-31 16:15:39 info: ======= ENV: development =======
2022-12-31 16:15:39 info: 🚀 App listening on the port 3000
2022-12-31 16:15:39 info: =================================
2022-12-31 16:16:02 info: =================================
2022-12-31 16:16:02 info: ======= ENV: development =======
2022-12-31 16:16:02 info: 🚀 App listening on the port 3000
2022-12-31 16:16:02 info: =================================
2022-12-31 16:48:04 info: =================================
2022-12-31 16:48:04 info: ======= ENV: development =======
2022-12-31 16:48:04 info: 🚀 App listening on the port 3000
2022-12-31 16:48:04 info: =================================
2022-12-31 16:48:12 info: =================================
2022-12-31 16:48:12 info: ======= ENV: development =======
2022-12-31 16:48:12 info: 🚀 App listening on the port 3000
2022-12-31 16:48:12 info: =================================
2022-12-31 16:48:15 info: =================================
2022-12-31 16:48:15 info: ======= ENV: development =======
2022-12-31 16:48:15 info: 🚀 App listening on the port 3000
2022-12-31 16:48:15 info: =================================
2022-12-31 16:48:51 info: =================================
2022-12-31 16:48:51 info: ======= ENV: development =======
2022-12-31 16:48:51 info: 🚀 App listening on the port 3000
2022-12-31 16:48:51 info: =================================
2022-12-31 16:49:11 info: =================================
2022-12-31 16:49:11 info: ======= ENV: development =======
2022-12-31 16:49:11 info: 🚀 App listening on the port 3000
2022-12-31 16:49:11 info: =================================
2022-12-31 16:51:37 info: =================================
2022-12-31 16:51:37 info: ======= ENV: development =======
2022-12-31 16:51:37 info: 🚀 App listening on the port 3000
2022-12-31 16:51:37 info: =================================
2022-12-31 16:51:45 info: [0mGET / [32m200[0m 4.632 ms - 2[0m
2022-12-31 16:51:50 info: [0mGET /users [33m404[0m 3.780 ms - 144[0m
2022-12-31 16:52:01 info: [0mGET /url [32m200[0m 1.969 ms - 91[0m
2022-12-31 16:52:10 error: [GET] /url/123 >> StatusCode:: 409, Message:: Url doesn't exist
2022-12-31 16:52:10 info: [0mGET /url/123 [33m409[0m 4.237 ms - 31[0m
2022-12-31 16:52:21 info: [0mGET /url/12345678 [32m200[0m 0.570 ms - 49[0m
2022-12-31 16:52:49 info: =================================
2022-12-31 16:52:49 info: ======= ENV: development =======
2022-12-31 16:52:49 info: 🚀 App listening on the port 3000
2022-12-31 16:52:49 info: =================================
2022-12-31 16:52:53 info: =================================
2022-12-31 16:52:53 info: ======= ENV: development =======
2022-12-31 16:52:53 info: 🚀 App listening on the port 3000
2022-12-31 16:52:53 info: =================================
2022-12-31 16:56:24 info: =================================
2022-12-31 16:56:24 info: ======= ENV: development =======
2022-12-31 16:56:24 info: 🚀 App listening on the port 3000
2022-12-31 16:56:24 info: =================================
2022-12-31 17:07:29 info: [0mGET /url [32m200[0m 4.814 ms - 86[0m
2022-12-31 17:07:29 info: [0mGET /url/12345678 [32m200[0m 1.416 ms - 49[0m
2022-12-31 17:07:29 info: [0mPOST /url [32m201[0m 20.425 ms - 88[0m
2022-12-31 17:07:31 info: [0mGET / [32m200[0m 5.340 ms - 2[0m
2022-12-31 17:09:56 info: [0mGET /url [32m200[0m 4.495 ms - 86[0m
2022-12-31 17:09:56 info: [0mGET /url/12345678 [32m200[0m 1.340 ms - 49[0m
2022-12-31 17:09:56 info: [0mPOST /url [32m201[0m 19.331 ms - 88[0m
2022-12-31 17:09:57 info: [0mGET / [32m200[0m 3.391 ms - 2[0m
2022-12-31 17:15:32 info: [0mGET /url [32m200[0m 5.619 ms - 86[0m
2022-12-31 17:15:32 info: [0mGET /url/12345678 [32m200[0m 1.480 ms - 49[0m
2022-12-31 17:15:32 error: [GET] /url/aaaaaaaaa >> StatusCode:: 400, Message:: Url params invalid
2022-12-31 17:15:32 info: [0mGET /url/aaaaaaaaa [33m400[0m 10.658 ms - 32[0m
2022-12-31 17:15:32 info: [0mPOST /url [32m201[0m 18.356 ms - 88[0m
2022-12-31 17:15:33 info: [0mGET / [32m200[0m 3.664 ms - 2[0m
2022-12-31 17:16:14 info: [0mGET /url [32m200[0m 4.393 ms - 86[0m
2022-12-31 17:16:14 info: [0mGET /url/12345678 [32m200[0m 1.660 ms - 49[0m
2022-12-31 17:16:14 error: [GET] /url/111 >> StatusCode:: 400, Message:: Url params invalid
2022-12-31 17:16:14 info: [0mGET /url/111 [33m400[0m 10.174 ms - 32[0m
2022-12-31 17:16:14 info: [0mPOST /url [32m201[0m 18.472 ms - 88[0m
2022-12-31 17:16:15 info: [0mGET / [32m200[0m 3.501 ms - 2[0m
2022-12-31 17:44:51 info: =================================
2022-12-31 17:44:51 info: ======= ENV: development =======
2022-12-31 17:44:51 info: 🚀 App listening on the port 3000
2022-12-31 17:44:51 info: =================================
2022-12-31 17:44:56 info: [0mGET /url/12345678 [32m200[0m 9.283 ms - 49[0m
2022-12-31 17:51:16 info: =================================
2022-12-31 17:51:16 info: ======= ENV: development =======
2022-12-31 17:51:16 info: 🚀 App listening on the port 3000
2022-12-31 17:51:16 info: =================================
